2024-10-23 10:42:39,453 - INFO - GAI Video 启动
2024-10-23 10:42:39,919 - INFO - Added stream: ID: 18, URL: rtsp://117.172.29.237:554/rtp/34020000001110000070_34020000001320000001
2024-10-23 10:42:39,921 - INFO - Analysis interval set to 10 seconds
2024-10-23 10:42:42,228 - INFO - 开始图集分析...
2024-10-23 10:42:42,244 - INFO - 正在分析图片: 高坠-20240704-高升桥站换乘通道高处作业人员无防护措施，临边防护未封闭.png
2024-10-23 10:43:02,161 - INFO - 图片 高坠-20240704-高升桥站换乘通道高处作业人员无防护措施，临边防护未封闭.png 的分析结果已保存
2024-10-23 10:43:32,162 - INFO - 正在分析图片: 高坠-20240724-17 号线小南街站楼梯支架立杆未落地.png
2024-10-23 10:43:46,867 - INFO - 图片 高坠-20240724-17 号线小南街站楼梯支架立杆未落地.png 的分析结果已保存
2024-10-23 10:44:16,871 - INFO - 正在分析图片: 高坠-20240706-龙华寺站高处作业无临边防护.png
2024-10-23 10:44:33,451 - INFO - 图片 高坠-20240706-龙华寺站高处作业无临边防护.png 的分析结果已保存
2024-10-23 10:44:55,206 - INFO - 正在停止图集分析...
2024-10-23 10:45:03,456 - INFO - 图集分析已停止
2024-10-23 10:45:03,457 - INFO - 正在停止图集分析...
2024-10-23 10:45:20,228 - INFO - GAI Video 启动
2024-10-23 10:45:20,697 - INFO - Added stream: ID: 18, URL: rtsp://117.172.29.237:554/rtp/34020000001110000070_34020000001320000001
2024-10-23 10:45:20,700 - INFO - Analysis interval set to 10 seconds
2024-10-23 10:45:22,423 - INFO - 开始图集分析...
2024-10-23 10:45:22,437 - INFO - 正在分析图片: 高坠-20240704-高升桥站换乘通道高处作业人员无防护措施，临边防护未封闭.png
2024-10-23 10:45:24,272 - INFO - 正在停止图集分析...
2024-10-23 10:45:36,605 - INFO - 开始图集分析...
2024-10-23 10:45:36,606 - INFO - 正在分析图片: 高坠-20240704-高升桥站换乘通道高处作业人员无防护措施，临边防护未封闭.png
2024-10-23 10:45:38,138 - INFO - 正在停止图集分析...
2024-10-23 10:48:14,339 - INFO - GAI Video 启动
2024-10-23 10:48:14,987 - INFO - Added stream: ID: 18, URL: rtsp://117.172.29.237:554/rtp/34020000001110000070_34020000001320000001
2024-10-23 10:48:14,990 - INFO - Analysis interval set to 10 seconds
2024-10-23 10:48:16,962 - INFO - 开始图集分析...
2024-10-23 10:48:16,976 - INFO - 正在分析图片: 高坠-20240704-高升桥站换乘通道高处作业人员无防护措施，临边防护未封闭.png
2024-10-23 10:48:34,706 - INFO - 图片 高坠-20240704-高升桥站换乘通道高处作业人员无防护措施，临边防护未封闭.png 的分析结果已保存
2024-10-23 10:48:59,764 - INFO - 正在停止图集分析...
2024-10-23 10:49:04,709 - INFO - 图集分析已停止
2024-10-23 10:49:04,710 - INFO - 正在停止图集分析...
2024-10-23 10:53:05,652 - INFO - GAI Video 启动
2024-10-23 10:53:06,129 - INFO - Added stream: ID: 18, URL: rtsp://117.172.29.237:554/rtp/34020000001110000070_34020000001320000001
2024-10-23 10:53:06,131 - INFO - Analysis interval set to 10 seconds
2024-10-23 10:53:09,990 - INFO - 开始图集分析...
2024-10-23 10:53:10,006 - INFO - 正在分析图片: 高坠-20240704-高升桥站换乘通道高处作业人员无防护措施，临边防护未封闭.png
2024-10-23 10:53:27,177 - INFO - 图片 高坠-20240704-高升桥站换乘通道高处作业人员无防护措施，临边防护未封闭.png 的分析结果已保存
2024-10-23 10:54:31,994 - INFO - GAI Video 启动
2024-10-23 10:54:32,411 - INFO - Added stream: ID: 18, URL: rtsp://117.172.29.237:554/rtp/34020000001110000070_34020000001320000001
2024-10-23 10:54:32,414 - INFO - Analysis interval set to 10 seconds
2024-10-23 10:54:34,070 - INFO - 开始图集分析...
2024-10-23 10:54:34,087 - INFO - 正在分析图片: 高坠-20240704-高升桥站换乘通道高处作业人员无防护措施，临边防护未封闭.png
2024-10-23 10:54:34,486 - ERROR - Error sending request to AI service: 401 Client Error: Unauthorized for url: https://open.bigmodel.cn/api/paas/v4/chat/completions
2024-10-23 10:54:34,486 - ERROR - Response content: {"error":{"code":"401","message":"令牌已过期或验证不正确！"}}
2024-10-23 10:54:34,488 - WARNING - 重试分析 (尝试 2/3)
2024-10-23 10:57:33,421 - INFO - GAI Video 启动
2024-10-23 10:57:34,036 - INFO - Added stream: ID: 18, URL: rtsp://117.172.29.237:554/rtp/34020000001110000070_34020000001320000001
2024-10-23 10:57:34,039 - INFO - Analysis interval set to 10 seconds
2024-10-23 10:57:35,614 - INFO - 开始图集分析...
2024-10-23 10:57:35,630 - INFO - 正在分析图片: 高坠-20240704-高升桥站换乘通道高处作业人员无防护措施，临边防护未封闭.png
2024-10-23 10:57:36,129 - ERROR - Error sending request to AI service: 401 Client Error: Unauthorized for url: https://open.bigmodel.cn/api/paas/v4/chat/completions
2024-10-23 10:57:36,130 - ERROR - Response content: {"error":{"code":"401","message":"令牌已过期或验证不正确！"}}
2024-10-23 10:57:36,131 - WARNING - 重试分析 (尝试 2/3)
2024-10-23 10:57:41,096 - INFO - 正在停止图集分析...
2024-10-23 10:57:44,262 - ERROR - Error sending request to AI service: 401 Client Error: Unauthorized for url: https://open.bigmodel.cn/api/paas/v4/chat/completions
2024-10-23 10:57:44,262 - ERROR - Response content: {"error":{"code":"401","message":"令牌已过期或验证不正确！"}}
2024-10-23 10:57:44,263 - WARNING - 重试分析 (尝试 3/3)
2024-10-23 10:57:54,255 - ERROR - Error sending request to AI service: 401 Client Error: Unauthorized for url: https://open.bigmodel.cn/api/paas/v4/chat/completions
2024-10-23 10:57:54,256 - ERROR - Response content: {"error":{"code":"401","message":"令牌已过期或验证不正确！"}}
2024-10-23 10:57:54,257 - ERROR - 在 3 次尝试后未能获取分析结果
2024-10-23 10:57:54,261 - ERROR - 无法获取图片 高坠-20240704-高升桥站换乘通道高处作业人员无防护措施，临边防护未封闭.png 的分析结果
2024-10-23 10:57:54,262 - INFO - 图集分析已停止
2024-10-23 10:57:54,262 - INFO - 正在停止图集分析...
2024-10-23 10:58:25,107 - INFO - GAI Video 启动
2024-10-23 10:58:25,584 - INFO - Added stream: ID: 18, URL: rtsp://117.172.29.237:554/rtp/34020000001110000070_34020000001320000001
2024-10-23 10:58:25,586 - INFO - Analysis interval set to 10 seconds
2024-10-23 10:58:27,096 - INFO - 开始图集分析...
2024-10-23 10:58:27,112 - INFO - 正在分析图片: 高坠-20240704-高升桥站换乘通道高处作业人员无防护措施，临边防护未封闭.png
2024-10-23 10:58:46,771 - INFO - 图片 高坠-20240704-高升桥站换乘通道高处作业人员无防护措施，临边防护未封闭.png 的分析结果已保存
2024-10-23 10:59:16,776 - INFO - 正在分析图片: 高坠-20240724-17 号线小南街站楼梯支架立杆未落地.png
2024-10-23 10:59:35,548 - INFO - 图片 高坠-20240724-17 号线小南街站楼梯支架立杆未落地.png 的分析结果已保存
2024-10-23 11:01:22,022 - INFO - GAI Video 启动
2024-10-23 11:01:22,719 - INFO - Added stream: ID: 18, URL: rtsp://117.172.29.237:554/rtp/34020000001110000070_34020000001320000001
2024-10-23 11:01:22,722 - INFO - Analysis interval set to 10 seconds
2024-10-23 11:01:24,506 - INFO - 开始图集分析...
2024-10-23 11:01:24,523 - INFO - 正在分析图片: 高坠-20240704-高升桥站换乘通道高处作业人员无防护措施，临边防护未封闭.png
2024-10-23 11:01:38,670 - INFO - 图片 高坠-20240704-高升桥站换乘通道高处作业人员无防护措施，临边防护未封闭.png 的分析结果已保存
2024-10-23 11:02:08,671 - INFO - 正在分析图片: 高坠-20240724-17 号线小南街站楼梯支架立杆未落地.png
2024-10-23 11:02:26,687 - INFO - 图片 高坠-20240724-17 号线小南街站楼梯支架立杆未落地.png 的分析结果已保存
2024-10-23 11:02:56,701 - INFO - 正在分析图片: 高坠-20240706-龙华寺站高处作业无临边防护.png
2024-10-23 11:03:15,580 - INFO - 图片 高坠-20240706-龙华寺站高处作业无临边防护.png 的分析结果已保存
2024-10-23 11:03:45,585 - INFO - 正在分析图片: 高坠-20240725-华西坝站支架部分横杆缺失.png
2024-10-23 11:03:57,669 - INFO - 图片 高坠-20240725-华西坝站支架部分横杆缺失.png 的分析结果已保存
2024-10-23 11:04:27,671 - INFO - 正在分析图片: 高坠-20240718-高升桥站 M 口钢支撑作业人员，违规使用挖机登高作业.png
2024-10-23 11:04:40,834 - INFO - 图片 高坠-20240718-高升桥站 M 口钢支撑作业人员，违规使用挖机登高作业.png 的分析结果已保存
2024-10-23 11:05:10,837 - INFO - 正在分析图片: 高坠-20240729-B13 号线小南街站洞口施工作业过程中未佩戴安全带.png
2024-10-23 11:05:35,349 - INFO - 图片 高坠-20240729-B13 号线小南街站洞口施工作业过程中未佩戴安全带.png 的分析结果已保存
2024-10-23 11:06:05,352 - INFO - 正在分析图片: 高坠-20240710-光华村站PBA暗挖1号扣拱支架外挂悬挑横杆，工人当着操作平台，存在较大安全隐患.png
2024-10-23 11:06:22,870 - INFO - 图片 高坠-20240710-光华村站PBA暗挖1号扣拱支架外挂悬挑横杆，工人当着操作平台，存在较大安全隐患.png 的分析结果已保存
2024-10-23 11:06:52,876 - INFO - 正在分析图片: 高坠-20240702-13号线小南街站无生命绳、无兜网、管件抛掷.png
2024-10-23 11:07:08,554 - INFO - 图片 高坠-20240702-13号线小南街站无生命绳、无兜网、管件抛掷.png 的分析结果已保存
2024-10-23 11:07:29,629 - INFO - 正在停止图集分析...
2024-10-23 11:07:32,229 - INFO - 开始处理 1 个视频流
2024-10-23 11:07:32,230 - INFO - 正在启动流 ID: 18, URL: rtsp://117.172.29.237:554/rtp/34020000001110000070_34020000001320000001
2024-10-23 11:07:32,240 - INFO - Started stream process for ID: 18, URL: rtsp://117.172.29.237:554/rtp/34020000001110000070_34020000001320000001
2024-10-23 11:07:32,240 - INFO - Started all streams: 1 streams
2024-10-23 11:07:32,242 - INFO - 成功开始视频流 (ID: 18)
2024-10-23 11:07:32,242 - INFO - VideoThread started for source: 18
2024-10-23 11:07:32,243 - INFO - 视频流标签示
2024-10-23 11:07:32,243 - INFO - 视频标签已显示
2024-10-23 11:07:32,254 - WARNING - 无法获取视频帧 (源: 18)
2024-10-23 11:07:38,557 - INFO - 图集分析已停止
2024-10-23 11:07:38,558 - INFO - 正在停止图集分析...
2024-10-23 11:07:48,401 - INFO - Analysis result for Stream: rtsp://117.172.29.237:554/rtp/34020000001110000070_34020000001320000001: 这张图片显示了一个城市建筑工地，时间是2024年10月23日11:07:39。可以看到一些施工设备和材料散落在地上，如钢筋、木板和绿色的遮盖布。工地上有几位工人，他们似乎正在进行日常的工作。背景中有几栋建筑物，可能是商业楼宇。此外，还有一些安全标志和警告牌，提醒人们在施工区域周围要小心行走。
2024-10-23 11:07:56,294 - INFO - 正在停止处理...
2024-10-23 11:07:56,398 - INFO - Stopped all streams
2024-10-23 11:07:56,400 - INFO - 已停止处理
2024-10-23 11:07:56,454 - INFO - VideoThread stopped for source: 18
2024-10-23 11:07:56,454 - INFO - 视频流已停止
2024-10-23 13:52:49,456 - INFO - 开始图集分析...
2024-10-23 13:52:49,466 - INFO - 正在分析图片: 高坠-20240704-高升桥站换乘通道高处作业人员无防护措施，临边防护未封闭.png
2024-10-23 13:52:57,750 - INFO - 正在停止图集分析...
2024-10-23 13:53:04,324 - INFO - 图片 高坠-20240704-高升桥站换乘通道高处作业人员无防护措施，临边防护未封闭.png 的分析结果已保存
2024-10-23 13:53:04,338 - INFO - 图集分析已停止
2024-10-23 13:53:04,339 - INFO - 正在停止图集分析...
2024-10-23 14:59:53,313 - INFO - GAI Video 启动
2024-10-23 14:59:54,122 - INFO - Added stream: ID: 18, URL: rtsp://117.172.29.237:554/rtp/34020000001110000070_34020000001320000001
2024-10-23 14:59:54,129 - INFO - Analysis interval set to 10 seconds
2024-10-23 15:00:16,333 - INFO - 开始图集分析...
2024-10-23 15:00:16,355 - INFO - 正在分析图片: 高坠-20240704-高升桥站换乘通道高处作业人员无防护措施，临边防护未封闭.png
2024-10-23 15:00:30,689 - INFO - 图片 高坠-20240704-高升桥站换乘通道高处作业人员无防护措施，临边防护未封闭.png 的分析结果已保存
2024-10-23 15:01:00,695 - INFO - 正在分析图片: 高坠-20240724-17 号线小南街站楼梯支架立杆未落地.png
2024-10-23 15:01:14,903 - INFO - 图片 高坠-20240724-17 号线小南街站楼梯支架立杆未落地.png 的分析结果已保存
2024-10-23 15:01:44,904 - INFO - 正在分析图片: 高坠-20240706-龙华寺站高处作业无临边防护.png
2024-10-23 15:01:59,622 - INFO - 图片 高坠-20240706-龙华寺站高处作业无临边防护.png 的分析结果已保存
2024-10-23 15:02:29,628 - INFO - 正在分析图片: 高坠-20240725-华西坝站支架部分横杆缺失.png
2024-10-23 15:02:49,861 - INFO - 图片 高坠-20240725-华西坝站支架部分横杆缺失.png 的分析结果已保存
2024-10-23 15:03:19,862 - INFO - 正在分析图片: 高坠-20240718-高升桥站 M 口钢支撑作业人员，违规使用挖机登高作业.png
2024-10-23 15:03:35,193 - INFO - 图片 高坠-20240718-高升桥站 M 口钢支撑作业人员，违规使用挖机登高作业.png 的分析结果已保存
2024-10-23 15:04:05,194 - INFO - 正在分析图片: 高坠-20240729-B13 号线小南街站洞口施工作业过程中未佩戴安全带.png
2024-10-23 15:04:26,875 - INFO - 图片 高坠-20240729-B13 号线小南街站洞口施工作业过程中未佩戴安全带.png 的分析结果已保存
2024-10-23 15:04:56,877 - INFO - 正在分析图片: 高坠-20240710-光华村站PBA暗挖1号扣拱支架外挂悬挑横杆，工人当着操作平台，存在较大安全隐患.png
2024-10-23 15:05:11,736 - INFO - 图片 高坠-20240710-光华村站PBA暗挖1号扣拱支架外挂悬挑横杆，工人当着操作平台，存在较大安全隐患.png 的分析结果已保存
2024-10-23 15:05:41,779 - INFO - 正在分析图片: 高坠-20240702-13号线小南街站无生命绳、无兜网、管件抛掷.png
2024-10-23 15:05:56,625 - INFO - 图片 高坠-20240702-13号线小南街站无生命绳、无兜网、管件抛掷.png 的分析结果已保存
2024-10-23 15:06:26,630 - INFO - 正在分析图片: 高坠-20240711-武侯祠站内消缺作业，升降车升高限位器高度不足，升降车四周无隔离措施.png
2024-10-23 15:06:41,854 - INFO - 图片 高坠-20240711-武侯祠站内消缺作业，升降车升高限位器高度不足，升降车四周无隔离措施.png 的分析结果已保存
2024-10-23 15:07:11,861 - INFO - 正在分析图片: 高坠-20240719-B17 号线小南街站负三层夹层板位置支架搭设不规范，未按照方案及交底落实.png
2024-10-23 15:07:27,336 - INFO - 图片 高坠-20240719-B17 号线小南街站负三层夹层板位置支架搭设不规范，未按照方案及交底落实.png 的分析结果已保存
2024-10-23 15:07:57,336 - INFO - 正在分析图片: 高坠-20240731-13号线小南街站支架体系斜杆缺失.png
2024-10-23 15:08:13,929 - INFO - 图片 高坠-20240731-13号线小南街站支架体系斜杆缺失.png 的分析结果已保存
2024-10-23 15:08:40,018 - INFO - 开始处理 1 个视频流
2024-10-23 15:08:40,019 - INFO - 正在启动流 ID: 18, URL: rtsp://117.172.29.237:554/rtp/34020000001110000070_34020000001320000001
2024-10-23 15:08:40,027 - INFO - Started stream process for ID: 18, URL: rtsp://117.172.29.237:554/rtp/34020000001110000070_34020000001320000001
2024-10-23 15:08:40,028 - INFO - Started all streams: 1 streams
2024-10-23 15:08:40,030 - INFO - 成功开始视频流 (ID: 18)
2024-10-23 15:08:40,030 - INFO - VideoThread started for source: 18
2024-10-23 15:08:40,031 - INFO - 视频流标签示
2024-10-23 15:08:40,031 - INFO - 视频标签已显示
2024-10-23 15:08:40,038 - WARNING - 无法获取视频帧 (源: 18)
2024-10-23 15:08:43,930 - INFO - 正在分析图片: 高坠-20240729-B13号线小南街站侧墙施工中，工人高处作业未佩戴安全带.png
2024-10-23 15:08:47,782 - INFO - 正在停止图集分析...
2024-10-23 15:08:50,034 - WARNING - 无法获取视频帧 (源: 18)
2024-10-23 15:09:00,038 - WARNING - 无法获取视频帧 (源: 18)
2024-10-23 15:09:04,193 - INFO - 图片 高坠-20240729-B13号线小南街站侧墙施工中，工人高处作业未佩戴安全带.png 的分析结果已保存
2024-10-23 15:09:04,207 - INFO - 图集分析已停止
2024-10-23 15:09:04,207 - INFO - 正在停止图集分析...
2024-10-23 15:09:11,647 - INFO - 正在停止处理...
2024-10-23 15:09:11,735 - INFO - Stopped all streams
2024-10-23 15:09:11,738 - INFO - 已停止处理
2024-10-23 15:09:11,986 - INFO - VideoThread stopped for source: 18
2024-10-23 15:09:11,987 - INFO - 视频流已停止
2024-10-23 15:09:17,236 - INFO - Analysis result for Stream: rtsp://117.172.29.237:554/rtp/34020000001110000070_34020000001320000001: 这张图片展示了一个城市建筑工地，时间是2024年10月23日15:08:58。在画面中央有一大堆覆盖着绿色遮盖物的物料，可能是泥土或碎石。周围有各种建筑设备，如起重机和卡车。地面上散落着一些建筑材料和工具。在左侧可以看到一个带有文字的安全警示牌。整个场景被围栏隔开，以确保公众安全。
2024-10-24 00:23:23,326 - INFO - GAI Video 启动
2024-10-24 00:23:23,990 - INFO - Added stream: ID: 18, URL: rtsp://117.172.29.237:554/rtp/34020000001110000070_34020000001320000001
2024-10-24 00:23:23,995 - INFO - Analysis interval set to 10 seconds
2024-10-24 00:23:33,510 - INFO - 开始处理 1 个视频流
2024-10-24 00:23:33,511 - INFO - 正在启动流 ID: 18, URL: rtsp://117.172.29.237:554/rtp/34020000001110000070_34020000001320000001
2024-10-24 00:23:33,520 - INFO - Started stream process for ID: 18, URL: rtsp://117.172.29.237:554/rtp/34020000001110000070_34020000001320000001
2024-10-24 00:23:33,521 - INFO - Started all streams: 1 streams
2024-10-24 00:23:33,522 - INFO - 成功开始视频流 (ID: 18)
2024-10-24 00:23:33,527 - INFO - 视频流标签示
2024-10-24 00:23:33,528 - INFO - VideoThread started for source: 18
2024-10-24 00:23:33,528 - INFO - 视频标签已显示
2024-10-24 00:23:33,557 - WARNING - 无法获取视频帧 (源: 18)
2024-10-24 00:23:43,538 - WARNING - 无法获取视频帧 (源: 18)
2024-10-24 00:23:45,658 - INFO - 正在停止处理...
2024-10-24 00:23:45,757 - INFO - Stopped all streams
2024-10-24 00:23:45,758 - INFO - 已停止处理
2024-10-24 00:23:45,975 - INFO - VideoThread stopped for source: 18
2024-10-24 00:23:45,977 - INFO - 视频流已停止
2024-11-12 17:21:04,910 - INFO - GAI Video 启动
2024-11-12 17:21:08,237 - INFO - Added stream: ID: 18, URL: rtsp://117.172.29.237:554/rtp/34020000001110000070_34020000001320000001
2024-11-12 17:21:08,240 - INFO - Analysis interval set to 10 seconds
2024-11-12 17:21:34,151 - INFO - 开始图集分析...
2024-11-12 17:21:34,194 - INFO - 正在分析图片: 高坠-20240704-高升桥站换乘通道高处作业人员无防护措施，临边防护未封闭.png
2024-11-12 17:21:46,588 - INFO - 图片 高坠-20240704-高升桥站换乘通道高处作业人员无防护措施，临边防护未封闭.png 的分析结果已保存
2024-11-12 17:21:49,936 - INFO - 正在停止图集分析...
2024-11-12 17:22:16,593 - INFO - 图集分析已停止
2024-11-12 17:22:16,595 - INFO - 正在停止图集分析...
2024-11-12 17:35:20,501 - INFO - 开始图集分析...
2024-11-12 17:35:20,507 - INFO - 正在分析图片: 微信图片_2024-11-12_173459_501.png
2024-11-12 17:35:33,411 - INFO - 图片 微信图片_2024-11-12_173459_501.png 的分析结果已保存
2024-11-12 17:35:36,530 - INFO - 正在停止图集分析...
2024-11-12 17:36:03,415 - INFO - 正在停止图集分析...
2024-11-14 09:26:57,064 - INFO - GAI Video 启动
2024-11-14 09:27:01,108 - INFO - Added stream: ID: 18, URL: rtsp://117.172.29.237:554/rtp/34020000001110000070_34020000001320000001
2024-11-14 09:27:01,111 - INFO - Analysis interval set to 10 seconds
2024-11-14 09:28:04,795 - INFO - 开始处理 1 个视频流
2024-11-14 09:28:04,797 - INFO - 正在启动流 ID: 18, URL: rtsp://117.172.29.237:554/rtp/34020000001110000070_34020000001320000001
2024-11-14 09:28:04,804 - INFO - Started stream process for ID: 18, URL: rtsp://117.172.29.237:554/rtp/34020000001110000070_34020000001320000001
2024-11-14 09:28:04,805 - INFO - Started all streams: 1 streams
2024-11-14 09:28:04,805 - INFO - 成功开始视频流 (ID: 18)
2024-11-14 09:28:04,808 - INFO - 视频流标签示
2024-11-14 09:28:04,808 - INFO - VideoThread started for source: 18
2024-11-14 09:28:04,809 - INFO - 视频标签已显示
2024-11-14 09:28:04,820 - WARNING - 无法获取视频帧 (源: 18)
2024-11-14 09:28:14,813 - WARNING - 无法获取视频帧 (源: 18)
2024-11-14 09:28:15,137 - INFO - VideoThread stopped for source: 18
2024-11-14 09:28:15,137 - ERROR - 视频流错误: 无法获取源 18 的帧，已重试 20 次
2024-11-14 09:28:15,139 - INFO - 视频流已停止
2024-11-14 09:28:20,256 - ERROR - Failed to open stream rtsp://117.172.29.237:554/rtp/34020000001110000070_34020000001320000001
2024-11-14 09:28:20,264 - INFO - Removed stream for ID: 18
2024-11-14 09:28:20,266 - INFO - 已删除视流 ID: 18
2024-11-14 09:28:23,546 - INFO - 视频流已添加，ID为: 19
2024-11-14 09:28:23,549 - INFO - Added stream: ID: 19, URL: rtsp://117.172.29.237:554/rtp/34020000001110000045_34020000001320000022
2024-11-14 09:28:24,816 - WARNING - 无法获取视频帧 (源: 19)
2024-11-14 09:28:24,997 - INFO - 正在停止处理...
2024-11-14 09:28:25,001 - INFO - Stopped all streams
2024-11-14 09:28:25,002 - INFO - 已停止处理
2024-11-14 09:28:25,794 - INFO - 开始处理 1 个视频流
2024-11-14 09:28:25,795 - INFO - 正在启动流 ID: 19, URL: rtsp://117.172.29.237:554/rtp/34020000001110000045_34020000001320000022
2024-11-14 09:28:25,801 - INFO - Started stream process for ID: 19, URL: rtsp://117.172.29.237:554/rtp/34020000001110000045_34020000001320000022
2024-11-14 09:28:25,803 - INFO - Started all streams: 1 streams
2024-11-14 09:28:25,803 - INFO - 成功开始视频流 (ID: 19)
2024-11-14 09:28:25,806 - INFO - 视频流标签示
2024-11-14 09:28:25,806 - INFO - VideoThread started for source: 19
2024-11-14 09:28:25,806 - INFO - 视频标签已显示
2024-11-14 09:28:25,814 - WARNING - 无法获取视频帧 (源: 19)
2024-11-14 09:28:50,097 - INFO - Analysis result for Stream: rtsp://117.172.29.237:554/rtp/34020000001110000045_34020000001320000022: ```json

{
    "场景描述": "这是一个室内地下建筑施工的场景。可以看到有大量的建材堆积，如管材、板材等。空间内有几根大柱子，顶部有悬挂的灯具和通风管道。地面上有水渍，显示出一定的潮湿环境。",
    "作业类型": "材料搬运和存储",
    "目标物": [
        {
            "类型": "建材堆放区",
            "描述": "位于场景中央，包含多种管材和板材，上方覆盖绿色遮盖物。",
            "置信度": 0.98
        },
        {
            "类型": "照明设施",
            "描述": "固定在顶棚上，用于照亮工作区域。",
            "置信度": 0.97
        },
        {
            "类型": "通风管道",
            "描述": "悬挂在天花板上，用于调节空气流通。",
            "置信度": 0.96
        },
        {
            "类型": "积水区域",
            "描述": "位于左侧地面，呈现不规则形状，颜色较深。",
            "置信度": 0.95
        }
    ],
    "安全隐患": [
        {
            "描述": "积水可能导致的滑倒事故。",
            "严重程度": "中"
        },
        {
            "描述": "建材堆放可能存在倒塌风险。",
            "严重程度": "中"
        },
        {
            "描述": "缺乏明显的工作区域划分标志，可能导致工人操作失误。",
            "严重程度": "低"
        }
    ]
}

```
2024-11-14 09:28:58,321 - INFO - Analysis result for Stream: rtsp://117.172.29.237:554/rtp/34020000001110000045_34020000001320000022: ```json

{
    "场景描述": "这是一个室内建筑工地，有大量的建材堆放，如钢管、模板等。工地上方有悬挂的灯具和通风管道，地面上有水渍。",
    "作业类型": "材料搬运和存储",
    "目标物": [
        {
            "类型": "建材",
            "描述": "散落在地上的绿色遮盖物下似乎是一些管材或其他建材。",
            "置信度": 0.8
        },
        {
            "类型": "照明设施",
            "描述": "悬挂在天花板上的白色长条形灯具。",
            "置信度": 0.9
        },
        {
            "类型": "通风管道",
            "描述": "固定在墙壁和天花板上的金属管道。",
            "置信度": 0.7
        },
        {
            "类型": "围挡",
            "描述": "由金属杆和绿色帆布构成的简易围挡。",
            "置信度": 0.6
        },
        {
            "类型": "积水",
            "描述": "地面上存在一些水渍。",
            "置信度": 0.95
        }
    ],
    "安全隐患": [
        {
            "描述": "地面上的水渍可能会导致滑倒事故。",
            "严重程度": "高"
        }
    ]
}

```
2024-11-14 09:29:08,326 - WARNING - 无法获取视频帧 (源: 19)
2024-11-14 09:29:16,550 - INFO - Analysis result for Stream: rtsp://117.172.29.237:554/rtp/34020000001110000045_34020000001320000022: ```json

{
    "场景描述": "这是一个建筑工地的室内场景，具体为一个正在施工中的地下室或隧道内部。可以看到有大量的建材堆放在地上，如管材、板材等，还有几根大柱子支撑着上方结构。墙上挂有一些蓝色的标语牌，地面上有水渍。",
    "作业类型": "这里似乎正在进行一些基础的建筑工作，例如混凝土结构的施工或地下设施的建设。",
    "目标物": [
        {
            "类型": "建材",
            "描述": "散落在地上的各种管材和板材，用于建筑施工。",
            "置信度": 0.98
        },
        {
            "类型": "柱子",
            "描述": "支撑建筑上部结构的混凝土柱子。",
            "置信度": 0.97
        },
        {
            "类型": "标语牌",
            "描述": "挂在墙上的蓝色标语牌，上面写有白色文字。",
            "置信度": 0.96
        },
        {
            "类型": "积水",
            "描述": "地面上的水渍，可能是由于清洁工作或雨水造成的。",
            "置信度": 0.95
        }
    ],
    "安全隐患": [
        {
            "描述": "现场没有明显的安全帽或其他个人防护装备，这可能表明工人未遵守基本的安全规定。",
            "严重程度": "中"
        },
        {
            "描述": "场内材料堆放混乱，有可能在搬运时造成跌倒或材料倒塌伤害。",
            "严重程度": "中"
        },
        {
            "描述": "地面的水渍可能会滑倒工人，尤其是在光线不足的情况下。",
            "严重程度": "高"
        }
    ]
}

```
2024-11-14 09:29:26,555 - WARNING - 无法获取视频帧 (源: 19)
2024-11-14 09:29:36,560 - WARNING - 无法获取视频帧 (源: 19)
2024-11-14 09:29:40,319 - INFO - Analysis result for Stream: rtsp://117.172.29.237:554/rtp/34020000001110000045_34020000001320000022: ```json

{
    "场景描述": "这是一个建筑工地的室内场景，具体为一个正在施工中的地下室或隧道内部。可以看到有大量的建材堆积，如钢管、模板等。此外，还有几根大柱子支撑着结构，墙上有一些蓝色的安全标语。",
    "作业类型": "这里似乎正在进行一些基础建设工作，例如混凝土浇筑或其他结构施工。",
    "目标物": [
        {
            "类型": "建材堆放区",
            "描述": "位于场景中央，有一大堆覆盖着绿色遮盖物的建材，可能是钢筋或钢构件。",
            "置信度": 0.98
        },
        {
            "类型": "施工柱子",
            "描述": "位于场景中间和右侧，用于支撑建筑结构的混凝土柱子。",
            "置信度": 0.97
        },
        {
            "类型": "蓝色安全标语",
            "描述": "位于左侧墙壁上，上面写着'勇于常'等字样，可能是一个安全口号或提醒。",
            "置信度": 0.96
        },
        {
            "类型": "照明设施",
            "描述": "安装在顶部，提供照明以便于夜间工作。",
            "置信度": 0.95
        },
        {
            "类型": "绿色遮盖物",
            "描述": "覆盖在各种建材上，用于防尘和保护材料。",
            "置信度": 0.94
        },
        {
            "类型": "白色板材",
            "描述": "散落在前景地面上，可能是某种轻型建材或模板。",
            "置信度": 0.93
        }
    ],
    "安全隐患": [
        {
            "描述": "现场没有明显的安全帽佩戴者，这可能会导致头部受伤的风险增加。",
            "严重程度": "中"
        },
        {
            "描述": "有些建材似乎没有固定，可能在震动或风时会倒塌，造成伤害。",
            "严重程度": "高"
        },
        {
            "描述": "通道看起来有点狭窄，可能会影响紧急疏散的速度和效率。",
            "严重程度": "中"
        }
    ]
}

```
2024-11-14 09:29:46,566 - WARNING - 无法获取视频帧 (源: 19)
2024-11-14 09:29:50,324 - WARNING - 无法获取视频帧 (源: 19)
2024-11-14 09:29:52,026 - INFO - 正在停止处理...
2024-11-14 09:29:52,148 - INFO - Stopped all streams
2024-11-14 09:29:52,149 - INFO - 已停止处理
2024-11-14 09:29:52,423 - INFO - VideoThread stopped for source: 19
2024-11-14 09:29:52,425 - INFO - 视频流已停止
2024-11-14 09:54:19,355 - INFO - 开始图集分析...
2024-11-14 09:54:19,373 - INFO - 正在分析图片: 微信图片_2024-11-12_173459_501.png
2024-11-14 09:54:30,540 - INFO - Conversation history cleared.
2024-11-14 09:54:30,542 - INFO - AI记忆已清除
2024-11-14 09:54:32,623 - INFO - 正在停止图集分析...
2024-11-14 09:54:34,228 - INFO - 图片 微信图片_2024-11-12_173459_501.png 的分析结果已保存
2024-11-14 09:54:34,368 - INFO - 正在停止图集分析...
2024-11-14 09:54:43,457 - INFO - 开始处理 1 个视频流
2024-11-14 09:54:43,458 - INFO - 正在启动流 ID: 19, URL: rtsp://117.172.29.237:554/rtp/34020000001110000045_34020000001320000022
2024-11-14 09:54:43,501 - INFO - Started stream process for ID: 19, URL: rtsp://117.172.29.237:554/rtp/34020000001110000045_34020000001320000022
2024-11-14 09:54:43,502 - INFO - Started all streams: 1 streams
2024-11-14 09:54:43,503 - INFO - 成功开始视频流 (ID: 19)
2024-11-14 09:54:43,504 - INFO - 视频流标签示
2024-11-14 09:54:43,504 - INFO - VideoThread started for source: 19
2024-11-14 09:54:43,504 - INFO - 视频标签已显示
2024-11-14 09:54:43,510 - WARNING - 无法获取视频帧 (源: 19)
2024-11-14 09:55:14,495 - INFO - Analysis result for Stream: rtsp://117.172.29.237:554/rtp/34020000001110000045_34020000001320000022: ```json

{
    "场景描述": "这是一个室内建筑工地，有工人正在进行施工活动。",
    "作业类型": "建筑施工",
    "目标物": [
        {
            "类型": "工人",
            "描述": "一个穿着蓝色工作服的工人蹲在绿色遮盖物旁边",
            "置信度": 0.98
        },
        {
            "类型": "材料堆放区",
            "描述": "有一堆用绿色遮盖布覆盖的建筑材料",
            "置信度": 0.97
        },
        {
            "类型": "交通标志",
            "描述": "有一个蓝色的指示牌写着'勇于跨越'",
            "置信度": 0.96
        },
        {
            "类型": "围栏",
            "描述": "工地周围有临时搭建的铁丝网围栏",
            "置信度": 0.95
        },
        {
            "类型": "照明设施",
            "描述": "顶部有长条形荧光灯管提供照明",
            "置信度": 0.94
        },
        {
            "类型": "通道",
            "描述": "有一条供工人通行的工作通道",
            "置信度": 0.93
        },
        {
            "类型": "安全帽",
            "描述": "工人戴着蓝色的安全帽",
            "置信度": 0.92
        },
        {
            "类型": "工具箱",
            "描述": "地上放着一个打开的工具箱",
            "置信度": 0.91
        },
        {
            "类型": "管道",
            "描述": "墙边有一些垂直放置的金属管道",
            "置信度": 0.9
        },
        {
            "类型": "安全警示牌",
            "描述": "通道上有红色和白色的警示标志",
            "置信度": 0.89
        },
        {
            "类型": "塔吊机",
            "描述": "图片左下角有文字提到塔风站_站厅_球机1",
            "置信度": 0.88
        }
    ],
    "安全隐患": [
        {
            "描述": "地面上有水渍，可能会滑倒",
            "严重程度": "中"
        }
    ]
}

```
2024-11-14 09:55:15,920 - INFO - 正在停止处理...
2024-11-14 09:55:16,000 - INFO - Stopped all streams
2024-11-14 09:55:16,001 - INFO - 已停止处理
2024-11-14 09:55:16,105 - INFO - VideoThread stopped for source: 19
2024-11-14 09:55:16,105 - INFO - 视频流已停止
2024-11-14 09:56:01,503 - INFO - 开始处理 1 个视频流
2024-11-14 09:56:01,504 - INFO - 正在启动流 ID: 19, URL: rtsp://117.172.29.237:554/rtp/34020000001110000045_34020000001320000022
2024-11-14 09:56:01,532 - INFO - Started stream process for ID: 19, URL: rtsp://117.172.29.237:554/rtp/34020000001110000045_34020000001320000022
2024-11-14 09:56:01,534 - INFO - Started all streams: 1 streams
2024-11-14 09:56:01,535 - INFO - 成功开始视频流 (ID: 19)
2024-11-14 09:56:01,536 - INFO - 视频流标签示
2024-11-14 09:56:01,536 - INFO - VideoThread started for source: 19
2024-11-14 09:56:01,536 - INFO - 视频标签已显示
2024-11-14 09:56:01,539 - WARNING - 无法获取视频帧 (源: 19)
2024-11-14 09:56:11,544 - WARNING - 无法获取视频帧 (源: 19)
2024-11-14 09:56:37,034 - INFO - Analysis result for Stream: rtsp://117.172.29.237:554/rtp/34020000001110000045_34020000001320000022: ```json

{
    "场景描述": "这是一个室内建筑工地，可能是一个地下室或停车场。可以看到一些建筑材料和工具散落在地上，如钢管、模板和绿色的遮盖布。工地上方有悬挂的灯具和通风管道。",
    "作业类型": "这里看起来像是一个建筑材料的存储区或临时堆放点，而不是一个活跃的工作区域。",
    "目标物": [
        {
            "类型": "建材堆",
            "描述": "一堆杂乱的建筑材料，包括钢管、模板和其他物品。",
            "置信度": 0.98
        },
        {
            "类型": "绿色遮盖布",
            "描述": "覆盖在某些物品上的绿色遮盖布，可能是为了防尘或保护某些材料。",
            "置信度": 0.97
        },
        {
            "类型": "柱子",
            "描述": "混凝土柱子，用于支撑结构或作为临时的围栏。",
            "置信度": 0.96
        },
        {
            "类型": "灯具",
            "描述": "悬挂在天花板上的白色长形灯管，用于照明工作区域。",
            "置信度": 0.95
        },
        {
            "类型": "通风管道",
            "描述": "金属材质的通风管道，用于输送空气到工作区域。",
            "置信度": 0.94
        }
    ],
    "安全隐患": [
        {
            "描述": "地面上有水渍，可能会滑倒。",
            "严重程度": "中"
        }
    ]
}

```
2024-11-14 09:57:06,127 - INFO - Analysis result for Stream: rtsp://117.172.29.237:554/rtp/34020000001110000045_34020000001320000022: ```json

{
    "场景描述": "这是一个建筑工地的室内场景，具体为一个正在施工中的地下室或隧道内部。可以看到有大量的建筑材料和机械设备，以及一些施工用的围挡。",
    "作业类型": "根据现场设备和材料的布置，可以推断这可能是一个土建工程的施工作业，具体可能是混凝土浇筑或其他结构施工的前期准备阶段。",
    "目标物": [
        {
            "类型": "材料堆放区",
            "描述": "在图片的中间部分，有一大堆的建筑材料，看起来像是钢筋和一些绿色的遮盖布。",
            "置信度": 0.85
        },
        {
            "类型": "机械设备",
            "描述": "在图片的左侧，可以看到一台大型机械设备，可能是混凝土泵车或其他建筑专用设备。",
            "置信度": 0.75
        },
        {
            "类型": "施工围挡",
            "描述": "在图片的右侧，有一排施工用的围挡，用于保护施工现场和过往行人安全。",
            "置信度": 0.9
        },
        {
            "类型": "工人",
            "描述": "在图片中没有直接看到工人，但可以通过现场的设备和材料来推测他们可能在附近工作。",
            "置信度": 0.6
        }
    ],
    "安全隐患": [
        {
            "描述": "材料堆放不整齐，容易倒塌造成伤害。",
            "严重程度": "中"
        },
        {
            "描述": "机械设备周围无防护栏杆，操作时可能有安全风险。",
            "严重程度": "中"
        },
        {
            "描述": "围挡高度不足，无法完全封闭施工现场，可能有物品坠落的风险。",
            "严重程度": "中"
        }
    ]
}

```
2024-11-14 09:57:34,072 - INFO - Analysis result for Stream: rtsp://117.172.29.237:554/rtp/34020000001110000045_34020000001320000022: ```json

{
    "场景描述": "这是一个建筑工地的室内场景，具体为一个正在施工中的地下室或隧道内部。可以看到有大量的建材堆积，如钢筋、管材和模板等。场地中央有一根大柱子，周围散布着一些绿色的遮盖物。场地的照明来自于顶部的荧光灯，墙壁上有施工用的临时支撑结构。地面上有一些积水。",
    "作业类型": "建筑施工",
    "目标物": [
        {
            "类型": "建材",
            "描述": "现场堆放着各种建筑材料，包括钢筋、钢管和木板等。",
            "置信度": 0.98
        },
        {
            "类型": "支撑结构",
            "描述": "墙体两侧有用于支撑的结构，可能是用钢架搭建的临时支撑系统。",
            "置信度": 0.97
        },
        {
            "类型": "积水",
            "描述": "地面上有积水的现象，可能是因为近期的雨水或者排水不畅导致的。",
            "置信度": 0.96
        },
        {
            "类型": "荧光灯",
            "描述": "顶部安装有长形的荧光灯，提供了主要的照明光源。",
            "置信度": 0.95
        },
        {
            "类型": "工人",
            "描述": "未直接看到工人，但根据现场的施工材料和支撑结构可以推断出有工人在场。",
            "置信度": 0.9
        }
    ],
    "安全隐患": [
        {
            "描述": "积水可能会导致滑倒事故，特别是在光线不足的情况下。",
            "严重程度": "中"
        },
        {
            "描述": "部分建材堆放不整齐，可能有倒塌的风险。",
            "严重程度": "中"
        },
        {
            "描述": "支撑结构看起来稳固，但没有看到固定措施，可能需要加强稳定性。",
            "严重程度": "低"
        }
    ]
}

```
2024-11-14 09:57:56,647 - INFO - Analysis result for Stream: rtsp://117.172.29.237:554/rtp/34020000001110000045_34020000001320000022: ```json

{
    "场景描述": "这是一个室内建筑工地，可能是一个地下室或停车场。可以看到一些建筑材料和设备散布在周围，如钢管、模板和绿色的遮盖物。墙壁上有一些施工用的脚手架，地面上有水渍。",
    "作业类型": "建筑施工",
    "目标物": [
        {
            "类型": "建材",
            "描述": "散落在地上的钢管和模板",
            "置信度": 0.98
        },
        {
            "类型": "遮盖物",
            "描述": "绿色遮盖物覆盖在某些物品上",
            "置信度": 0.97
        },
        {
            "类型": "脚手架",
            "描述": "固定在墙上的金属脚手架",
            "置信度": 0.96
        },
        {
            "类型": "积水",
            "描述": "地面上的水渍",
            "置信度": 0.95
        }
    ],
    "安全隐患": [
        {
            "描述": "积水中可能隐藏着滑倒的风险",
            "严重程度": "中"
        }
    ]
}

```
2024-11-14 09:58:25,915 - INFO - Analysis result for Stream: rtsp://117.172.29.237:554/rtp/34020000001110000045_34020000001320000022: ```json

{
    "场景描述": "这是一个室内建筑工地，有工人正在进行施工作业。",
    "作业类型": "建筑施工",
    "目标物": [
        {
            "类型": "人",
            "描述": "一个穿着橙色反光背心的工人",
            "置信度": 0.98
        },
        {
            "类型": "材料堆放区",
            "描述": "散落在地上的建材和绿色的遮盖布",
            "置信度": 0.97
        },
        {
            "类型": "机械设备",
            "描述": "一台停放在现场的挖掘机",
            "置信度": 0.96
        },
        {
            "类型": "围栏",
            "描述": "用于分隔不同工作区域的临时围栏",
            "置信度": 0.95
        },
        {
            "类型": "管道",
            "描述": "悬挂在顶部的金属管道",
            "置信度": 0.94
        },
        {
            "类型": "照明设施",
            "描述": "安装在天花板上的LED灯管",
            "置信度": 0.93
        },
        {
            "类型": "安全标志",
            "描述": "贴在柱子上的安全警示标志",
            "置信度": 0.92
        },
        {
            "类型": "大门",
            "描述": "作为进出口的大门",
            "置信度": 0.91
        },
        {
            "类型": "卡车",
            "描述": "停在工地外的大型运输卡车",
            "置信度": 0.9
        }
    ],
    "安全隐患": [
        {
            "描述": "工人未佩戴安全帽",
            "严重程度": "高"
        },
        {
            "描述": "地面上有水渍，易滑倒",
            "严重程度": "中"
        },
        {
            "描述": "部分遮挡的警告标志，可能影响安全意识传达",
            "严重程度": "低"
        }
    ]
}

```
2024-11-14 09:58:49,905 - INFO - Analysis result for Stream: rtsp://117.172.29.237:554/rtp/34020000001110000045_34020000001320000022: ```json

{
    "场景描述": "这是一个室内建筑工地，有大量的建材堆积，如钢管、模板等。场地中央有一个大型的绿色遮盖物，可能是为了遮挡材料或垃圾。左侧有一排围栏，上面挂着蓝色的标语牌，写着'勇于跨越，追求卓越'。场地两侧有已经建好的墙壁，顶部有悬挂的灯具和通风管道。",
    "作业类型": "材料堆放和仓储",
    "目标物": [
        {
            "类型": "建材",
            "描述": "散落在地上的钢管和模板，以及被绿色遮盖物覆盖的材料。",
            "置信度": 0.98
        },
        {
            "类型": "标识牌",
            "描述": "挂在围栏上的蓝色标语牌，上面写着'勇于跨越，追求卓越'。",
            "置信度": 0.97
        },
        {
            "类型": "照明设施",
            "描述": "顶部的长形荧光灯和应急照明灯。",
            "置信度": 0.96
        },
        {
            "类型": "通风管道",
            "描述": "悬挂在顶部的矩形金属通风管道。",
            "置信度": 0.95
        }
    ],
    "安全隐患": [
        {
            "描述": "地面上有水渍，可能存在滑倒的风险。",
            "严重程度": "中"
        }
    ]
}

```
2024-11-14 09:59:13,556 - INFO - Analysis result for Stream: rtsp://117.172.29.237:554/rtp/34020000001110000045_34020000001320000022: ```json

{
    "场景描述": "这是一个室内建筑工地，有工人正在进行施工作业。",
    "作业类型": "建筑施工",
    "目标物": [
        {
            "类型": "工人",
            "描述": "一个穿着橙色反光背心、戴着黄色头盔的工人正在行走",
            "置信度": 0.98
        },
        {
            "类型": "材料堆放区",
            "描述": "一些建筑材料如钢管被整齐地堆放在墙边",
            "置信度": 0.75
        },
        {
            "类型": "围挡",
            "描述": "绿色的遮盖布覆盖在某些材料上",
            "置信度": 0.65
        },
        {
            "类型": "通道",
            "描述": "工人在走动的通道",
            "置信度": 0.9
        },
        {
            "类型": "照明",
            "描述": "顶部的照明设施",
            "置信度": 0.9
        },
        {
            "类型": "安全标志",
            "描述": "柱子上的安全标语",
            "置信度": 0.8
        }
    ],
    "安全隐患": [
        {
            "描述": "地面上有水渍，可能会滑倒",
            "严重程度": "中"
        }
    ]
}

```
2024-11-14 09:59:41,680 - INFO - Analysis result for Stream: rtsp://117.172.29.237:554/rtp/34020000001110000045_34020000001320000022: ```json

{
    "场景描述": "这是一个室内地下建筑工地，有大量的建材堆积和一些施工机械。",
    "作业类型": "似乎是在进行基础建设工作，可能包括混凝土浇筑或其他结构工作。",
    "目标物": [
        {
            "类型": "人",
            "描述": "一个穿着橙色反光背心的人站在远处",
            "置信度": 0.8
        },
        {
            "类型": "建材堆",
            "描述": "各种管材和其他建筑材料堆放在地上",
            "置信度": 0.9
        },
        {
            "类型": "机械设备",
            "描述": "至少有一台挖掘机在场景左侧",
            "置信度": 0.7
        },
        {
            "类型": "围挡",
            "描述": "绿色的遮盖布覆盖在一些建材上",
            "置信度": 0.6
        },
        {
            "类型": "柱子",
            "描述": "混凝土柱子支撑着上方结构",
            "置信度": 0.9
        },
        {
            "类型": "照明灯",
            "描述": "安装在天花板上的白色照明灯",
            "置信度": 0.8
        },
        {
            "类型": "安全标识牌",
            "描述": "蓝色的安全警示牌挂在墙上",
            "置信度": 0.7
        }
    ],
    "安全隐患": [
        {
            "描述": "地面上有水渍，可能会滑倒",
            "严重程度": "中"
        },
        {
            "描述": "部分遮挡导致视线不清，可能会有跌落的风险",
            "严重程度": "中"
        },
        {
            "描述": "建材堆放不整齐，有倒塌的可能",
            "严重程度": "高"
        }
    ]
}

```
2024-11-14 09:59:48,179 - INFO - 正在停止处理...
2024-11-14 09:59:48,305 - INFO - Stopped all streams
2024-11-14 09:59:48,306 - INFO - 已停止处理
2024-11-14 09:59:48,410 - INFO - VideoThread stopped for source: 19
2024-11-14 09:59:48,411 - INFO - 视频流已停止
2024-11-21 19:53:13,546 - INFO - GAI Video 启动
2024-11-21 19:53:18,315 - INFO - Added stream: ID: 19, URL: rtsp://117.172.29.237:554/rtp/34020000001110000045_34020000001320000022
2024-11-21 19:53:18,319 - INFO - Analysis interval set to 10 seconds
2024-11-21 19:53:20,941 - INFO - 开始处理 1 个视频流
2024-11-21 19:53:20,941 - INFO - 正在启动流 ID: 19, URL: rtsp://117.172.29.237:554/rtp/34020000001110000045_34020000001320000022
2024-11-21 19:53:20,946 - INFO - Started stream process for ID: 19, URL: rtsp://117.172.29.237:554/rtp/34020000001110000045_34020000001320000022
2024-11-21 19:53:20,947 - INFO - Started all streams: 1 streams
2024-11-21 19:53:20,947 - INFO - 成功开始视频流 (ID: 19)
2024-11-21 19:53:20,950 - INFO - 视频流标签示
2024-11-21 19:53:20,950 - INFO - 视频标签已显示
2024-11-21 19:53:20,950 - INFO - VideoThread started for source: 19
2024-11-21 19:53:20,969 - WARNING - 无法获取视频帧 (源: 19)
2024-11-21 19:53:27,223 - INFO - 正在停止处理...
2024-11-21 19:53:31,256 - INFO - VideoThread stopped for source: 19
2024-11-21 19:53:31,257 - ERROR - 视频流错误: 无法获取源 19 的帧，已重试 20 次
2024-11-21 19:53:31,258 - INFO - 视频流已停止
2024-11-21 19:53:37,226 - WARNING - Stream 19 did not stop gracefully, terminating...
2024-11-21 19:53:37,436 - ERROR - Failed to open stream rtsp://117.172.29.237:554/rtp/34020000001110000045_34020000001320000022
2024-11-21 19:53:37,491 - INFO - Stopped all streams
2024-11-21 19:53:37,491 - INFO - 已停止处理
2024-11-21 19:55:31,855 - INFO - Removed stream for ID: 19
2024-11-21 19:55:31,861 - INFO - 已删除视流 ID: 19
2024-11-21 19:55:41,255 - INFO - 视频流已添加，ID为: 20
2024-11-21 19:55:41,258 - INFO - Added stream: ID: 20, URL: rtsp://117.172.29.237:554/rtp/34020000001110000027_34020000001320000003
2024-11-21 19:55:42,602 - INFO - 开始处理 1 个视频流
2024-11-21 19:55:42,603 - INFO - 正在启动流 ID: 20, URL: rtsp://117.172.29.237:554/rtp/34020000001110000027_34020000001320000003
2024-11-21 19:55:42,611 - INFO - Started stream process for ID: 20, URL: rtsp://117.172.29.237:554/rtp/34020000001110000027_34020000001320000003
2024-11-21 19:55:42,612 - INFO - Started all streams: 1 streams
2024-11-21 19:55:42,612 - INFO - 成功开始视频流 (ID: 20)
2024-11-21 19:55:42,612 - INFO - VideoThread started for source: 20
2024-11-21 19:55:42,615 - INFO - 视频流标签示
2024-11-21 19:55:42,616 - INFO - 视频标签已显示
2024-11-21 19:55:42,626 - WARNING - 无法获取视频帧 (源: 20)
2024-11-21 19:56:02,095 - INFO - Analysis result for Stream: rtsp://117.172.29.237:554/rtp/34020000001110000027_34020000001320000003: 这是一个建筑工地的内部场景。可以看到楼梯结构被绿色的遮盖物覆盖着，可能是为了保护施工现场或防止杂物散落。楼梯旁边有金属栏杆，墙上有一些施工用的脚手架。在图片的上方有一束灯光照射下来，照亮了现场。此外，图片左下角的水印文字提到了“130号线机电府城桥站_站厅入口_枪机”，这可能表明了照片的来源或监控设备的位置。
2024-11-21 19:56:50,771 - WARNING - Failed to read frame from stream rtsp://117.172.29.237:554/rtp/34020000001110000027_34020000001320000003
2024-11-21 19:56:51,776 - WARNING - Failed to read frame from stream rtsp://117.172.29.237:554/rtp/34020000001110000027_34020000001320000003
2024-11-21 19:56:52,779 - WARNING - Failed to read frame from stream rtsp://117.172.29.237:554/rtp/34020000001110000027_34020000001320000003
2024-11-21 19:56:53,784 - WARNING - Failed to read frame from stream rtsp://117.172.29.237:554/rtp/34020000001110000027_34020000001320000003
2024-11-21 19:56:53,982 - INFO - 正在停止处理...
2024-11-21 19:56:54,863 - INFO - Stopped all streams
2024-11-21 19:56:54,865 - INFO - 已停止处理
2024-11-21 19:56:55,318 - INFO - VideoThread stopped for source: 20
2024-11-21 19:56:55,319 - INFO - 视频流已停止
2024-11-21 19:57:17,963 - INFO - Analysis result for Stream: rtsp://117.172.29.237:554/rtp/34020000001110000027_34020000001320000003: 这张图片显示了一个正在施工中的建筑内部。可以看到楼梯被绿色的遮盖物覆盖着，这可能是为了防止灰尘飞扬或是作为临时的安全措施。楼梯旁边是一堵红砖墙，墙上有一些裸露的钢筋和一些建筑材料。在图片的上方有一束灯光照进室内，而其他部分则相对较暗。整个场景给人一种正在进行大规模建设的感觉。
2024-11-21 19:57:50,430 - INFO - 开始图集分析...
2024-11-21 19:57:50,463 - INFO - 正在分析图片: 8.jpg
2024-11-21 19:58:05,164 - INFO - 图片 8.jpg 的分析结果已保存
2024-11-21 19:58:21,561 - INFO - 正在停止图集分析...
2024-11-21 19:58:35,169 - INFO - 图集分析已停止
2024-11-21 19:58:35,170 - INFO - 正在停止图集分析...
2024-11-22 15:29:19,798 - INFO - GAI Video 启动
2024-11-22 15:29:21,632 - INFO - Added stream: ID: 20, URL: rtsp://117.172.29.237:554/rtp/34020000001110000027_34020000001320000003
2024-11-22 15:29:21,639 - INFO - Analysis interval set to 10 seconds
2024-11-22 15:29:23,525 - INFO - 开始图集分析...
2024-11-22 15:29:23,548 - INFO - 正在分析图片: 8.jpg
2024-11-22 15:29:37,920 - INFO - 图片 8.jpg 的分析结果已保存
2024-11-22 15:30:07,924 - INFO - 正在分析图片: 4.jpg
2024-11-22 15:30:19,720 - INFO - 图片 4.jpg 的分析结果已保存
2024-11-22 15:30:35,984 - INFO - 正在停止图集分析...
2024-11-22 15:30:49,723 - INFO - 图集分析已停止
2024-11-22 15:30:49,724 - INFO - 正在停止图集分析...
2024-11-22 15:34:38,916 - INFO - 开始图集分析...
2024-11-22 15:34:38,919 - INFO - 正在分析图片: 吊装-20240801-B高升桥站起重吊装作业未申请吊装令，吊装作业公示牌内容未更新，信号工未色标管理.png
2024-11-22 15:34:53,377 - INFO - 图片 吊装-20240801-B高升桥站起重吊装作业未申请吊装令，吊装作业公示牌内容未更新，信号工未色标管理.png 的分析结果已保存
2024-11-22 15:35:23,382 - INFO - 正在分析图片: 吊装-20240806-红牌楼站汽车吊防倾覆支架数量不足.png
2024-11-22 15:35:36,172 - INFO - 图片 吊装-20240806-红牌楼站汽车吊防倾覆支架数量不足.png 的分析结果已保存
2024-11-22 15:36:06,173 - INFO - 正在分析图片: 吊装-20240816-B武侯祠站 J 口汽车吊未见作业公示牌，未用护栏隔离，前支腿未支垫到位，跨路吊装未见监，护指挥人员.png
2024-11-22 15:36:24,314 - INFO - 图片 吊装-20240816-B武侯祠站 J 口汽车吊未见作业公示牌，未用护栏隔离，前支腿未支垫到位，跨路吊装未见监，护指挥人员.png 的分析结果已保存
2024-11-22 15:36:47,084 - INFO - 正在停止图集分析...
2024-11-22 15:36:49,174 - INFO - 开始图集分析...
2024-11-22 15:36:49,176 - INFO - 正在分析图片: 临边防护-20240704-高升桥站换乘通道高处作业人员无防护措施，临边防护未封闭.png
2024-11-22 15:36:54,316 - INFO - 正在分析图片: 吊装-20240723-红牌楼站临路侧汽车吊摆臂范围内防倾覆支架未全覆盖.png
2024-11-22 15:36:54,324 - ERROR - 分析图片 吊装-20240723-红牌楼站临路侧汽车吊摆臂范围内防倾覆支架未全覆盖.png 时发生错误: [Errno 2] No such file or directory: '/Users/hook/py/VideoSj/images/吊装-20240723-红牌楼站临路侧汽车吊摆臂范围内防倾覆支架未全覆盖.png'
2024-11-22 15:37:02,856 - INFO - 图片 临边防护-20240704-高升桥站换乘通道高处作业人员无防护措施，临边防护未封闭.png 的分析结果已保存
2024-11-22 15:37:24,322 - INFO - 正在分析图片: 吊装-20240704-四川师大站吊物未绑扎牢固，卸扣安装方向错误。.png
2024-11-22 15:37:24,332 - ERROR - 分析图片 吊装-20240704-四川师大站吊物未绑扎牢固，卸扣安装方向错误。.png 时发生错误: [Errno 2] No such file or directory: '/Users/hook/py/VideoSj/images/吊装-20240704-四川师大站吊物未绑扎牢固，卸扣安装方向错误。.png'
2024-11-22 15:37:29,753 - INFO - 正在停止图集分析...
2024-11-22 15:37:30,503 - INFO - 开始图集分析...
2024-11-22 15:37:30,504 - INFO - 正在分析图片: 临边防护-20240704-高升桥站换乘通道高处作业人员无防护措施，临边防护未封闭.png
2024-11-22 15:37:31,805 - INFO - 正在停止图集分析...
2024-11-22 15:37:32,858 - INFO - 正在停止图集分析...
2024-11-22 15:37:43,246 - INFO - 图片 临边防护-20240704-高升桥站换乘通道高处作业人员无防护措施，临边防护未封闭.png 的分析结果已保存
2024-11-22 15:37:43,257 - INFO - 正在停止图集分析...
2024-11-22 15:37:54,326 - INFO - 图集分析已停止
2024-11-22 15:37:54,327 - INFO - 正在停止图集分析...
