--- 图片: 高坠-20240704-高升桥站换乘通道高处作业人员无防护措施，临边防护未封闭.png ---
分析时间: 2024-10-23 10:43:02
分析结果: ```json

{
    "场景描述": "这是一个建筑工地的场景，具体为两个工人站在一个深坑旁边，他们穿着工作服和安全帽，其中一个人穿着反光背心，另一个人穿着红色上衣。他们似乎正在进行一些与钢筋有关的作业。在他们的上方有一块大型的混凝土板，上面有一些红色的标记。此外，在图片的左下角可以看到一些木板和其他建筑材料。",
    "作业类型": "钢筋绑扎作业",
    "目标物": [
        {
            "类型": "工人",
            "描述": "两名工人站在深坑旁进行钢筋绑扎作业",
            "置信度": 0.98
        },
        {
            "类型": "钢筋",
            "描述": "工人正在使用的钢筋",
            "置信度": 0.97
        },
        {
            "类型": "混凝土板",
            "描述": "带有红色标记的大混凝土板",
            "置信度": 0.96
        },
        {
            "类型": "木板",
            "描述": "位于图片左下角的木板",
            "置信度": 0.85
        }
    ],
    "安全隐患": [
        {
            "描述": "工人没有佩戴手套，可能会有手部受伤的风险",
            "严重程度": "中"
        },
        {
            "描述": "工作区域周围有水渍，可能导致滑倒事故",
            "严重程度": "中"
        }
    ]
}

```

--- 图片: 高坠-20240724-17 号线小南街站楼梯支架立杆未落地.png ---
分析时间: 2024-10-23 10:43:46
分析结果: ```json

{
    "场景描述": "这是一个建筑工地的内部场景，可能是在一个正在施工的结构内部。可以看到有脚手架搭建在墙边，地面上有散落的碎石和一些建筑材料。",
    "作业类型": "根据脚手架和周围环境，这可能是建筑外墙的粉刷或维修作业。",
    "目标物": [
        {
            "类型": "脚手架",
            "描述": "由金属管材搭建而成，用于支撑工人进行高空作业的平台。",
            "置信度": 0.98
        },
        {
            "类型": "水泥墙面",
            "描述": "建筑的外墙，表面有磨损和修补痕迹。",
            "置信度": 0.75
        },
        {
            "类型": "碎石",
            "描述": "地面上散落着的小块建筑废料。",
            "置信度": 0.65
        },
        {
            "类型": "建筑材料",
            "描述": "无法具体识别的材料，可能是某种建筑工具或配件。",
            "置信度": 0.5
        }
    ],
    "安全隐患": [
        {
            "描述": "脚手架没有固定在墙上，看起来不稳定，可能有倒塌的风险。",
            "严重程度": "高"
        },
        {
            "描述": "地面上的碎石可能会导致工人滑倒受伤。",
            "严重程度": "中"
        }
    ]
}

```

--- 图片: 高坠-20240706-龙华寺站高处作业无临边防护.png ---
分析时间: 2024-10-23 10:44:33
分析结果: ```json

{
    "场景描述": "这是一个建筑工地的场景，具体为一个正在施工的结构底部，看起来像是在进行混凝土浇筑前的准备工作。可以看到大量的钢筋被铺设在红色的模板上，这些钢筋用于混凝土浇筑时的加固。在图片的右侧，有一个工人站在梯子上，似乎在进行一些检查或者准备的工作。此外，还可以看到一些其他的建筑材料和工具散布在现场。",
    "作业类型": "钢筋绑扎作业",
    "目标物": [
        {
            "类型": "人员",
            "描述": "一个穿着工作服，戴着安全帽的工人站在梯子上",
            "置信度": 0.98
        },
        {
            "类型": "建筑物",
            "描述": "正在施工中的建筑物结构",
            "置信度": 0.75
        },
        {
            "类型": "机械设备",
            "描述": "未识别出明显的机械设备",
            "置信度": 0.6
        },
        {
            "类型": "工具",
            "描述": "散落在现场的钢筋、模板和其他工具",
            "置信度": 0.8
        }
    ],
    "安全隐患": [
        {
            "描述": "工人站在梯子上，没有系安全带",
            "严重程度": "高"
        },
        {
            "描述": "现场散落着一些建筑材料，可能会有跌倒的风险",
            "严重程度": "中"
        },
        {
            "描述": "钢筋摆放杂乱，可能影响施工质量",
            "严重程度": "低"
        }
    ]
}

```

--- 图片: 高坠-20240704-高升桥站换乘通道高处作业人员无防护措施，临边防护未封闭.png ---
分析时间: 2024-10-23 10:48:34
分析结果: ```json

{
    "场景描述": "这是一个建筑工地的场景，具体为两名工人站在一个深坑旁边，他们穿着工作服和安全帽，其中一名工人还穿着反光背心。在他们的上方有一块大型的混凝土结构，上面有红色的标记。坑内有一些钢筋和一些建筑材料。",
    "作业类型": "钢筋绑扎作业",
    "目标物": [
        {
            "类型": "工人",
            "描述": "两名工人站在深坑边上进行钢筋绑扎作业",
            "置信度": 0.98
        },
        {
            "类型": "混凝土结构",
            "描述": "位于工人上方，带有红色标记的大块混凝土",
            "置信度": 0.97
        },
        {
            "类型": "钢筋",
            "描述": "用于建筑结构的钢筋",
            "置信度": 0.96
        },
        {
            "类型": "深坑",
            "描述": "工人站立并进行作业的深坑",
            "置信度": 0.95
        },
        {
            "类型": "建筑材料",
            "描述": "散落在深坑周围的建筑材料",
            "置信度": 0.94
        }
    ],
    "安全隐患": [
        {
            "描述": "工人没有佩戴手套，可能存在手部受伤的风险",
            "严重程度": "中"
        },
        {
            "描述": "深坑边缘没有防护栏，工人可能会坠落",
            "严重程度": "高"
        }
    ]
}

```

--- 图片: 高坠-20240704-高升桥站换乘通道高处作业人员无防护措施，临边防护未封闭.png ---
分析时间: 2024-10-23 10:53:27
分析结果: ```json

{
    "场景描述": "这是一个建筑工地的场景，具体为两个工人站在一个深坑旁边，他们穿着工作服，戴着安全帽，其中一个人穿着反光背心，另一个人穿着红色上衣。他们似乎正在进行一些与钢筋有关的作业。",
    "作业类型": "钢筋绑扎作业",
    "目标物": [
        {
            "类型": "工人",
            "描述": "两名工人站在深坑边上进行钢筋绑扎作业",
            "置信度": 0.98
        },
        {
            "类型": "钢筋",
            "描述": "工人们正在使用的钢筋",
            "置信度": 0.97
        },
        {
            "类型": "安全帽",
            "描述": "工人们佩戴的安全帽",
            "置信度": 0.96
        },
        {
            "类型": "反光背心",
            "描述": "一名工人穿着的反光背心",
            "置信度": 0.95
        },
        {
            "类型": "深坑",
            "描述": "工人们站立的深坑",
            "置信度": 0.98
        },
        {
            "类型": "混凝土结构",
            "描述": "图片右上方展示的混凝土结构",
            "置信度": 0.99
        }
    ],
    "安全隐患": [
        {
            "描述": "工人未系安全带",
            "严重程度": "中"
        }
    ]
}

```

--- 图片: 高坠-20240704-高升桥站换乘通道高处作业人员无防护措施，临边防护未封闭.png ---
分析时间: 2024-10-23 10:58:46
分析结果: ```json

{
    "场景描述": "这是一个建筑工地的场景，具体为两名工人站在一个深坑旁边，他们似乎正在进行一些与钢筋有关的作业。",
    "作业类型": "钢筋绑扎作业",
    "目标物": [
        {
            "类型": "工人",
            "描述": "两名工人都戴着黄色安全帽，穿着反光背心，其中一名工人还穿着红色上衣。",
            "置信度": 0.98
        },
        {
            "类型": "钢筋",
            "描述": "工人们正在使用的钢筋看起来是用于混凝土构件的。",
            "置信度": 0.97
        },
        {
            "类型": "深坑",
            "描述": "工人们站在一个深坑的边缘，这个坑可能是由挖掘或其他施工活动形成的。",
            "置信度": 0.96
        },
        {
            "类型": "支撑结构",
            "描述": "在坑的一侧可以看到一些支撑结构，这些结构可能用于保持坑壁的稳定。",
            "置信度": 0.95
        }
    ],
    "安全隐患": [
        {
            "描述": "工人没有佩戴安全带，这可能会在跌落时造成伤害。",
            "严重程度": "高"
        },
        {
            "描述": "坑边没有设置明显的警示标志或防护栏杆，这增加了跌入的风险。",
            "严重程度": "高"
        },
        {
            "描述": "工人在进行需要集中注意力的作业时，周围环境看起来有些杂乱，可能有其他物品或杂物干扰他们的视线。",
            "严重程度": "中"
        }
    ]
}

```

--- 图片: 高坠-20240724-17 号线小南街站楼梯支架立杆未落地.png ---
分析时间: 2024-10-23 10:59:35
分析结果: ```json

{
    "场景描述": "这是一个建筑工地的内部场景，可能是在一个正在施工的结构内部。可以看到有脚手架搭建在墙边，地面上有散落的碎石和一些建筑材料。",
    "作业类型": "根据脚手架和散落的建筑材料来看，这里似乎正在进行一些建筑结构的外部装修或修补工作。",
    "目标物": [
        {
            "类型": "脚手架",
            "描述": "由金属管材搭建而成，用于支撑工人进行高空作业的平台。",
            "置信度": 0.98
        },
        {
            "类型": "碎石",
            "描述": "地面上散落着一些小型的碎石块，可能是由于施工过程中的不慎掉落。",
            "置信度": 0.75
        },
        {
            "类型": "建筑材料",
            "描述": "虽然不太清晰，但可以推测这些可能是用于建筑施工的材料，如砖块或其他建材。",
            "置信度": 0.6
        }
    ],
    "安全隐患": [
        {
            "描述": "脚手架看起来有些老旧且部分地方有损坏，这可能会导致施工时的安全风险。",
            "严重程度": "中"
        },
        {
            "描述": "地面上的碎石没有得到妥善清理，这可能会造成滑倒事故的风险。",
            "严重程度": "中"
        }
    ]
}

```

--- 图片: 高坠-20240704-高升桥站换乘通道高处作业人员无防护措施，临边防护未封闭.png ---
分析时间: 2024-10-23 11:01:38
分析结果: ```json

{
    "场景描述": "这是一个建筑工地的场景，具体为两个工人站在一个深坑旁边，他们穿着反光背心，戴着黄色头盔，其中一个工人还戴着红色帽子，他们似乎正在进行一些与钢筋有关的作业。",
    "作业类型": "钢筋作业",
    "目标物": [
        {
            "类型": "工人",
            "描述": "两名工人站在深坑边上进行钢筋作业",
            "置信度": 0.98
        },
        {
            "类型": "头盔",
            "描述": "黄色安全头盔",
            "置信度": 0.97
        },
        {
            "类型": "反光背心",
            "描述": "荧光黄色的反光背心",
            "置信度": 0.96
        },
        {
            "类型": "深坑",
            "描述": "不规则形状的深坑",
            "置信度": 0.95
        },
        {
            "类型": "钢筋",
            "描述": "散落在深坑边的钢筋",
            "置信度": 0.94
        }
    ],
    "安全隐患": [
        {
            "描述": "工人未佩戴手套进行钢筋作业可能引发扎伤等伤害",
            "严重程度": "高"
        }
    ]
}

```

--- 图片: 高坠-20240724-17 号线小南街站楼梯支架立杆未落地.png ---
分析时间: 2024-10-23 11:02:26
分析结果: ```json

{
    "场景描述": "这是一个建筑工地的内部场景，可能是在一个正在施工的结构内部。可以看到有脚手架搭建在墙边，地面上有散落的碎石和一些建筑垃圾。",
    "作业类型": "根据脚手架和周围的环境，这可能是建筑结构的外部装修或维修作业。",
    "目标物": [
        {
            "类型": "脚手架",
            "描述": "由金属管材搭建而成，用于支撑工人进行高空作业的平台。",
            "置信度": 0.98
        },
        {
            "类型": "水泥墙",
            "描述": "建筑物的外墙，表面有明显的施工痕迹和污渍。",
            "置信度": 0.97
        },
        {
            "类型": "碎石",
            "描述": "地面上散落着一些小型的建筑废料，看起来像是混凝土破碎后的碎片。",
            "置信度": 0.96
        },
        {
            "类型": "建筑垃圾",
            "描述": "包括废弃的建筑材料和其他杂物。",
            "置信度": 0.95
        }
    ],
    "安全隐患": [
        {
            "描述": "脚手架底部没有设置防护网或其他安全设施，可能导致坠落事故。",
            "严重程度": "高"
        },
        {
            "描述": "地面上的碎石可能会导致滑倒或绊倒事故。",
            "严重程度": "中"
        }
    ]
}

```

--- 图片: 高坠-20240706-龙华寺站高处作业无临边防护.png ---
分析时间: 2024-10-23 11:03:15
分析结果: ```json

{
    "场景描述": "这是一个建筑工地的场景，具体为一个正在施工的结构顶部，有大量的钢筋、木板和其他建筑材料散布在上面。可以看到一个工人站在结构上，似乎正在进行一些工作。此外，图片的右侧有一道围墙，旁边有一些绿色植被。",
    "作业类型": "建筑结构施工中的模板作业",
    "目标物": [
        {
            "类型": "人员",
            "描述": "一个穿着深色衣服，头戴蓝色头盔的建筑工人",
            "置信度": 0.98
        },
        {
            "类型": "车辆",
            "描述": "无明显车辆",
            "置信度": 0.75
        },
        {
            "类型": "设备",
            "描述": "大量钢筋、木板、脚手架等建筑施工设备",
            "置信度": 0.99
        },
        {
            "类型": "建筑物",
            "描述": "正在施工中的建筑物结构",
            "置信度": 0.99
        },
        {
            "类型": "围墙",
            "描述": "灰色混凝土围墙",
            "置信度": 0.9
        },
        {
            "类型": "植被",
            "描述": "绿色植物",
            "置信度": 0.6
        }
    ],
    "安全隐患": [
        {
            "描述": "工人未佩戴安全带",
            "严重程度": "高"
        },
        {
            "描述": "部分区域缺乏防护栏杆",
            "严重程度": "中"
        },
        {
            "描述": "材料堆放混乱，可能跌落伤人",
            "严重程度": "中"
        }
    ]
}

```

--- 图片: 高坠-20240725-华西坝站支架部分横杆缺失.png ---
分析时间: 2024-10-23 11:03:57
分析结果: ```json

{
    "场景描述": "这是一个建筑工地的场景，主要展示了一面已经建好的混凝土墙体，旁边搭有脚手架。",
    "作业类型": "脚手架搭建或维护作业",
    "目标物": [
        {
            "类型": "脚手架",
            "描述": "由金属管和扣件组成的脚手架系统，用于工人上下和移动，以便进行墙面或其他高空作业。",
            "置信度": 0.98
        },
        {
            "类型": "混凝土墙体",
            "描述": "已建成的混凝土墙体，表面光滑，呈灰色。",
            "置信度": 0.97
        },
        {
            "类型": "绿色防护网",
            "描述": "固定在脚手架外侧的绿色防护网，用于保护行人安全并防止物品坠落。",
            "置信度": 0.96
        }
    ],
    "安全隐患": [
        {
            "描述": "部分脚手架横杆与立杆连接不牢，存在滑脱的风险。",
            "严重程度": "中"
        }
    ]
}

```

--- 图片: 高坠-20240718-高升桥站 M 口钢支撑作业人员，违规使用挖机登高作业.png ---
分析时间: 2024-10-23 11:04:40
分析结果: ```json

{
    "场景描述": "这是一个建筑工地的场景，具体为一个挖掘工作面。可以看到一个穿着黄色雨衣的人站在挖掘机的铲斗上，似乎在进行一些工作。此外，还有大量的泥土和碎石堆积在周围。",
    "作业类型": "挖掘作业",
    "目标物": [
        {
            "类型": "人",
            "描述": "穿着黄色雨衣，站在挖掘机铲斗上进行工作",
            "置信度": 0.98
        },
        {
            "类型": "车辆",
            "描述": "一辆黄色的挖掘机停在工作面上",
            "置信度": 0.97
        },
        {
            "类型": "设备",
            "描述": "一台沃尔沃品牌的挖掘机",
            "置信度": 0.96
        },
        {
            "类型": "建筑物",
            "描述": "挖掘机后方的混凝土结构",
            "置信度": 0.95
        },
        {
            "类型": "土壤和碎石",
            "描述": "大量堆积的土壤和碎石",
            "置信度": 0.99
        }
    ],
    "安全隐患": [
        {
            "描述": "工人站在挖掘机铲斗上，这可能会导致坠落事故",
            "严重程度": "高"
        }
    ]
}

```

--- 图片: 高坠-20240729-B13 号线小南街站洞口施工作业过程中未佩戴安全带.png ---
分析时间: 2024-10-23 11:05:35
分析结果: ```json

{
    "场景描述": "这是一个建筑工地的内部场景，具体为一个正在施工的结构底部，可能是一个地下室或基坑。可以看到有工人正在进行作业，周围散布着各种建筑材料和设备。",
    "作业类型": "建筑施工中的土方开挖或结构施工阶段",
    "目标物": [
        {
            "类型": "人",
            "描述": "一个穿着橙色反光背心的工人，位于图片中央偏左位置，似乎正在操作某种机器或进行指挥。",
            "置信度": 0.98
        },
        {
            "类型": "车辆",
            "描述": "一辆停在工地上的卡车，装载着建筑材料，位于图片中央偏右位置。",
            "置信度": 0.96
        },
        {
            "类型": "设备",
            "描述": "一台挖掘机或其他重型机械，位于图片中央偏右位置，部分被遮挡。",
            "置信度": 0.97
        },
        {
            "类型": "建筑物",
            "描述": "正在施工的结构，包括混凝土柱子和墙壁，以及一些钢构件。",
            "置信度": 0.99
        },
        {
            "类型": "围栏",
            "描述": "绿色的安全围栏，用于保护施工现场免受外人进入。",
            "置信度": 0.98
        },
        {
            "类型": "工具",
            "描述": "一些散落在地面的工具，如铁锹或锤子，位于图片右侧。",
            "置信度": 0.95
        },
        {
            "类型": "管道",
            "描述": "一些黑色的电线或电缆悬挂在天花板上。",
            "置信度": 0.97
        },
        {
            "类型": "警示牌",
            "描述": "位于图片右下角的安全警示牌，上面有禁止吸烟和其他安全标志。",
            "置信度": 0.99
        }
    ],
    "安全隐患": [
        {
            "描述": "工作区域未明显设置警告标志或隔离带，可能会导致非工作人员进入施工区域。",
            "严重程度": "中"
        },
        {
            "描述": "地面上有水迹，可能导致滑倒事故。",
            "严重程度": "中"
        },
        {
            "描述": "电线和电缆似乎没有固定，可能有掉落的风险。",
            "严重程度": "中"
        }
    ]
}

```

--- 图片: 高坠-20240710-光华村站PBA暗挖1号扣拱支架外挂悬挑横杆，工人当着操作平台，存在较大安全隐患.png ---
分析时间: 2024-10-23 11:06:22
分析结果: ```json

{
    "场景描述": "这是一个桥梁建筑工地的夜间施工场景。可以看到桥墩下方有大量的脚手架结构，用于支撑和保护工人进行施工作业。桥墩上贴有黄黑相间的警示标志，提醒过往人员和车辆注意安全。地面上有散落的建筑材料和一些工具，可能是工人在施工过程中使用的。整体环境显得有些昏暗，只有几个灯光在照亮现场。",
    "作业类型": "桥梁建筑施工",
    "目标物": [
        {
            "类型": "人员",
            "描述": "无法准确判断人数，但可以看出有人在进行夜间施工。",
            "置信度": 0.8
        },
        {
            "类型": "脚手架",
            "描述": "由金属杆和木板构成，用于支撑和保护工人。",
            "置信度": 0.9
        },
        {
            "类型": "桥墩",
            "描述": "混凝土结构，上面贴有黄黑相间的警示标志。",
            "置信度": 0.95
        },
        {
            "类型": "警示标志",
            "描述": "黄黑相间，贴在桥墩上。",
            "置信度": 0.7
        },
        {
            "类型": "建筑材料",
            "描述": "散落在地上的白色袋装物品和其他材料。",
            "置信度": 0.6
        },
        {
            "类型": "工具",
            "描述": "无法具体识别工具类型，但可能是工人在施工时使用的。",
            "置信度": 0.6
        }
    ],
    "安全隐患": [
        {
            "描述": "部分区域照明不足，可能影响工人视线，增加跌倒风险。",
            "严重程度": "中"
        },
        {
            "描述": "地面上有散落物品，可能绊倒行人或造成工伤。",
            "严重程度": "中"
        }
    ]
}

```

--- 图片: 高坠-20240702-13号线小南街站无生命绳、无兜网、管件抛掷.png ---
分析时间: 2024-10-23 11:07:08
分析结果: ```json

{
    "场景描述": "这是一个建筑工地的场景，具体为工人站在建筑物的底部，周围有大量的脚手架和支撑结构。他们似乎正在进行一些与建筑相关的活动，可能是基础施工或维修工作。",
    "作业类型": "基础施工或维修工作",
    "目标物": [
        {
            "类型": "工人",
            "描述": "至少有六名工人分布在脚手架上，穿着不同颜色的安全服和安全帽。",
            "置信度": 0.98
        },
        {
            "类型": "脚手架",
            "描述": "由金属杆和木板组成的脚手架，用于支持工人进行高空作业。",
            "置信度": 0.97
        },
        {
            "类型": "支撑结构",
            "描述": "用于支撑脚手架和其他建筑材料的金属构件。",
            "置信度": 0.96
        },
        {
            "类型": "安全网",
            "描述": "悬挂在脚手架下方，用于防止坠落物的安全设施。",
            "置信度": 0.95
        }
    ],
    "安全隐患": [
        {
            "描述": "部分工人没有佩戴安全带或其他安全装备。",
            "严重程度": "中"
        },
        {
            "描述": "脚手架之间的连接看起来不是很稳固，可能存在倒塌的风险。",
            "严重程度": "高"
        }
    ]
}

```

--- 图片: 高坠-20240704-高升桥站换乘通道高处作业人员无防护措施，临边防护未封闭.png ---
分析时间: 2024-10-23 13:53:04
分析结果: ```json

{
    "场景描述": "这是一个建筑工地的场景，具体为两个工人站在一个深坑旁边，似乎在进行一些与钢筋有关的作业。",
    "作业类型": "钢筋作业",
    "目标物": [
        {
            "类型": "人员",
            "描述": "两名工人，穿着工作服和安全帽，一个穿着蓝色上衣，另一个穿着红色上衣。",
            "置信度": 0.98
        },
        {
            "类型": "机械设备",
            "描述": "钢筋加工机械，用于弯曲和切割钢筋。",
            "置信度": 0.75
        },
        {
            "类型": "建筑物",
            "描述": "混凝土结构，可能是桥梁的一部分。",
            "置信度": 0.65
        }
    ],
    "安全隐患": [
        {
            "描述": "工人没有佩戴手套，可能会有手部受伤的风险。",
            "严重程度": "中"
        },
        {
            "描述": "工作区域周围没有明显的防护栏杆，工人可能会摔入深坑。",
            "严重程度": "高"
        }
    ]
}

```

--- 图片: 高坠-20240704-高升桥站换乘通道高处作业人员无防护措施，临边防护未封闭.png ---
分析时间: 2024-10-23 15:00:30
分析结果: ```json

{
    "场景描述": "这是一个建筑工地的场景，具体为两个工人站在一个深坑旁边，他们戴着安全帽，穿着反光背心，其中一个人穿着红色上衣，另一个人穿着蓝色上衣，他们似乎正在进行一些与钢筋有关的作业。",
    "作业类型": "钢筋作业",
    "目标物": [
        {
            "类型": "工人",
            "描述": "两名工人站在深坑边上进行钢筋作业",
            "置信度": 0.98
        },
        {
            "类型": "钢筋",
            "描述": "工人正在处理的钢筋",
            "置信度": 0.97
        },
        {
            "类型": "安全帽",
            "描述": "工人戴的安全帽",
            "置信度": 0.96
        },
        {
            "类型": "反光背心",
            "描述": "工人穿的反光背心",
            "置信度": 0.95
        },
        {
            "类型": "深坑",
            "描述": "工人站在深坑边上",
            "置信度": 0.98
        },
        {
            "类型": "混凝土结构",
            "描述": "图片右上方的大块混凝土结构",
            "置信度": 0.99
        }
    ],
    "安全隐患": [
        {
            "描述": "工人没有佩戴手套，可能会有扎伤的风险",
            "严重程度": "中"
        }
    ]
}

```

--- 图片: 高坠-20240724-17 号线小南街站楼梯支架立杆未落地.png ---
分析时间: 2024-10-23 15:01:14
分析结果: ```json

{
    "场景描述": "这是一个建筑工地的内部场景，可能是在一个正在施工的结构内部。可以看到有脚手架搭建在墙边，地面上有散落的碎石和一些建筑材料。",
    "作业类型": "根据脚手架和散落的建筑材料来看，这里可能正在进行的是建筑外墙的施工或者是维修工作。",
    "目标物": [
        {
            "类型": "脚手架",
            "描述": "由金属管材搭成的脚手架，用于工人上下和移动，以便进行高空作业。",
            "置信度": 0.98
        },
        {
            "类型": "碎石",
            "描述": "地面上散落着大小不一的碎石块，可能是由于施工过程中的敲打或其他原因产生的。",
            "置信度": 0.75
        },
        {
            "类型": "建筑材料",
            "描述": "虽然不太清晰，但可以看出有一些建筑用的板材或者模板被堆放在一边。",
            "置信度": 0.6
        }
    ],
    "安全隐患": [
        {
            "描述": "脚手架似乎有些老旧且部分地方有损坏，这可能会导致施工时的不安全。",
            "严重程度": "中"
        },
        {
            "描述": "地面上的碎石没有清理干净，可能会造成工人滑倒。",
            "严重程度": "中"
        }
    ]
}

```

--- 图片: 高坠-20240706-龙华寺站高处作业无临边防护.png ---
分析时间: 2024-10-23 15:01:59
分析结果: ```json

{
    "场景描述": "这是一个建筑工地的场景，具体为一个正在施工的结构顶部，看起来像是在进行混凝土浇筑前的准备工作。",
    "作业类型": "钢筋作业",
    "目标物": [
        {
            "类型": "人员",
            "描述": "一个穿着橙色反光背心，戴着蓝色安全帽的建筑工人站在结构上，似乎在检查或准备某些东西。",
            "置信度": 0.98
        },
        {
            "类型": "材料",
            "描述": "散落在结构上的红色模板以及一些钢筋。",
            "置信度": 0.97
        },
        {
            "类型": "机械设备",
            "描述": "由于视角限制，无法确定具体的机械设备，但可以看到一些钢架结构，可能是用于支撑或固定模板的。",
            "置信度": 0.85
        },
        {
            "类型": "建筑物",
            "描述": "建筑物的外墙和部分内部结构可见，墙面上有绿色的防护网。",
            "置信度": 0.96
        }
    ],
    "安全隐患": [
        {
            "描述": "工人似乎没有佩戴安全带或其他个人防护装备。",
            "严重程度": "高"
        }
    ]
}

```

--- 图片: 高坠-20240725-华西坝站支架部分横杆缺失.png ---
分析时间: 2024-10-23 15:02:49
分析结果: ```json

{
    "场景描述": "这是一个建筑工地的场景，主要展示了一面已经建好的混凝土墙体旁边搭设的脚手架。",
    "作业类型": "脚手架搭建作业",
    "目标物": [
        {
            "类型": "脚手架",
            "描述": "由金属管材搭成的脚手架，用于工人上下和移动，以及进行墙面施工等工作。",
            "置信度": 0.98
        },
        {
            "类型": "混凝土墙体",
            "描述": "已经建好的混凝土墙体，表面光滑平整，颜色呈灰白色。",
            "置信度": 0.97
        },
        {
            "类型": "绿色防护网",
            "描述": "安装在脚手架最外侧的绿色防护网，用于保护行人安全，防止物品坠落。",
            "置信度": 0.96
        },
        {
            "类型": "支撑杆件",
            "描述": "连接水平横杆和竖直立杆的金属杆件，用于支撑整个脚手架的结构。",
            "置信度": 0.95
        },
        {
            "类型": "建筑工人",
            "描述": "无法确定具体人数，但可以看到有人的身影在脚手架上活动。",
            "置信度": 0.75
        }
    ],
    "安全隐患": [
        {
            "描述": "部分支撑杆件看起来弯曲变形，可能存在结构安全隐患。",
            "严重程度": "高"
        },
        {
            "描述": "现场没有看到安全帽或其他个人防护用品，工人安全得不到保障。",
            "严重程度": "中"
        },
        {
            "描述": "脚手架与墙体的连接点似乎不够牢固，可能有安全风险。",
            "严重程度": "中"
        }
    ]
}

```

--- 图片: 高坠-20240718-高升桥站 M 口钢支撑作业人员，违规使用挖机登高作业.png ---
分析时间: 2024-10-23 15:03:35
分析结果: ```json

{
    "场景描述": "这是一个建筑工地的场景，具体为一个挖掘工作面。可以看到一台黄色的沃尔沃牌挖掘机停在右侧，其铲斗似乎刚刚完成一次挖土动作。左侧有一堵由混凝土构成的墙体，墙体上有一些施工用的架子。墙体的下方堆放了一些碎石。在墙体的上方，我们可以看到一部分桥梁结构。此外，还有一个穿着黄色雨衣的人站在挖掘机的铲斗边缘，看起来像是在进行一些工作。"，
    "作业类型": "挖掘作业",
    "目标物": [
        {
            "类型": "人员",
            "描述": "一个穿着黄色雨衣的人站在挖掘机的铲斗边缘",
            "置信度": 0.98
        },
        {
            "类型": "车辆",
            "描述": "一辆黄色的沃尔沃牌挖掘机",
            "置信度": 0.99
        },
        {
            "类型": "设备",
            "描述": "一台挖掘机的铲斗",
            "置信度": 0.97
        },
        {
            "类型": "建筑物",
            "描述": "一段由混凝土构成的墙体",
            "置信度": 0.96
        },
        {
            "类型": "桥梁结构",
            "描述": "一座桥梁的一部分",
            "置信度": 0.95
        }
    ],
    "安全隐患": [
        {
            "描述": "工人站在挖掘机铲斗边缘，这是非常危险的，因为一旦操作失误或者机器突然移动，都有可能导致坠落事故。",
            "严重程度": "高"
        }
    ]
}

```

--- 图片: 高坠-20240729-B13 号线小南街站洞口施工作业过程中未佩戴安全带.png ---
分析时间: 2024-10-23 15:04:26
分析结果: ```json

{
    "场景描述": "这是一个建筑工地的内部场景，具体为一个正在施工的大坑旁边。可以看到一名工人站在坑边，他穿着反光背心，头戴黄色安全帽，手持手电筒。坑内有一些积水，水中还有一些施工设备。周围有已经建好的混凝土结构，如柱子和墙壁。",
    "作业类型": "坑洞挖掘作业",
    "目标物": [
        {
            "类型": "人",
            "描述": "身穿反光背心，头戴黄色安全帽，手持手电筒，站在坑边的工人",
            "置信度": 0.98
        },
        {
            "类型": "车辆",
            "描述": "停在坑边的推土机",
            "置信度": 0.75
        },
        {
            "类型": "设备",
            "描述": "用于坑洞挖掘的钻孔机",
            "置信度": 0.65
        },
        {
            "类型": "建筑物",
            "描述": "已经建好的混凝土柱子、墙壁和天花板",
            "置信度": 0.99
        }
    ],
    "安全隐患": [
        {
            "描述": "坑内有积水，可能存在滑倒的风险",
            "严重程度": "中"
        },
        {
            "描述": "工人没有佩戴耳塞，可能暴露在高分贝噪音下",
            "严重程度": "低"
        }
    ]
}

```

--- 图片: 高坠-20240710-光华村站PBA暗挖1号扣拱支架外挂悬挑横杆，工人当着操作平台，存在较大安全隐患.png ---
分析时间: 2024-10-23 15:05:11
分析结果: ```json

{
    "场景描述": "这是一个桥梁建筑工地的夜间施工场景。可以看到桥墩下方有大量的脚手架结构，用于支撑桥墩的施工。桥墩上有明显的黄色和黑色警示条纹，可能是为了提醒过往人员和车辆注意安全。地面上有一些建筑材料和废弃物。",
    "作业类型": "桥梁建筑施工",
    "目标物": [
        {
            "类型": "脚手架",
            "描述": "用于支撑桥墩施工的金属脚手架结构",
            "置信度": 0.98
        },
        {
            "类型": "桥墩",
            "描述": "正在施工中的混凝土桥墩",
            "置信度": 0.97
        },
        {
            "类型": "警示条纹",
            "描述": "桥墩上的黄色和黑色警示条纹",
            "置信度": 0.96
        },
        {
            "类型": "地面材料",
            "描述": "散落在地面的建筑材料和废弃物",
            "置信度": 0.85
        }
    ],
    "安全隐患": [
        {
            "描述": "部分脚手架的连接看起来不够稳固，可能存在倒塌的风险",
            "严重程度": "中"
        },
        {
            "描述": "地面上的材料和废弃物可能会阻碍工人移动，增加跌倒的风险",
            "严重程度": "低"
        }
    ]
}

```

--- 图片: 高坠-20240702-13号线小南街站无生命绳、无兜网、管件抛掷.png ---
分析时间: 2024-10-23 15:05:56
分析结果: ```json

{
    "场景描述": "这是一个建筑工地的场景，具体为工人站在建筑物的底部，周围有大量的脚手架和支撑结构。他们似乎正在进行一些与建筑相关的活动，如焊接、固定或其他工作。",
    "作业类型": "建筑施工",
    "目标物": [
        {
            "类型": "人员",
            "描述": "至少有六名工人分布在不同的位置，穿着不同颜色的安全帽和反光背心，其中一名工人还系着安全带。",
            "置信度": 0.98
        },
        {
            "类型": "脚手架",
            "描述": "脚手架由金属杆和木板组成，形成了一个复杂的结构，覆盖了整个场景的大部分区域。",
            "置信度": 0.97
        },
        {
            "类型": "支撑结构",
            "描述": "支撑结构由金属梁和柱子组成，用于支撑脚手架和其他建筑材料。",
            "置信度": 0.96
        },
        {
            "类型": "安全网",
            "描述": "在某些区域可以看到绿色安全网，可能是为了防止物品掉落伤人。",
            "置信度": 0.95
        }
    ],
    "安全隐患": [
        {
            "描述": "部分工人没有佩戴安全帽或安全带。",
            "严重程度": "中"
        }
    ]
}

```

--- 图片: 高坠-20240711-武侯祠站内消缺作业，升降车升高限位器高度不足，升降车四周无隔离措施.png ---
分析时间: 2024-10-23 15:06:41
分析结果: ```json

{
    "场景描述": "这是一个建筑工地的内部场景，具体为一个正在施工中的隧道或地下通道。可以看到两名工人，他们穿着红色上衣，戴着安全帽，似乎正在进行一些工作。在他们的旁边有一台橙色的升降机，看起来像是在进行高空作业。此外，隧道的墙壁上有一些建筑材料和工具，以及一些管道和其他设备。",
    "作业类型": "高空作业",
    "目标物": [
        {
            "类型": "人员",
            "描述": "两名工人，穿着红色上衣，戴着安全帽，正在进行一些工作。",
            "置信度": 0.98
        },
        {
            "类型": "车辆",
            "描述": "橙色升降机，用于高空作业。",
            "置信度": 0.97
        },
        {
            "类型": "建筑物",
            "描述": "隧道或地下通道的墙壁，仍在施工中。",
            "置信度": 0.96
        },
        {
            "类型": "工具",
            "描述": "散落在地上的建筑工具和材料。",
            "置信度": 0.95
        },
        {
            "类型": "设备",
            "描述": "管道和其他设备。",
            "置信度": 0.94
        }
    ],
    "安全隐患": [
        {
            "描述": "工人未佩戴安全带或其他安全设备。",
            "严重程度": "高"
        },
        {
            "描述": "地面上有水渍，可能导致滑倒。",
            "严重程度": "中"
        }
    ]
}

```

--- 图片: 高坠-20240719-B17 号线小南街站负三层夹层板位置支架搭设不规范，未按照方案及交底落实.png ---
分析时间: 2024-10-23 15:07:27
分析结果: ```json

{
    "场景描述": "这是一个建筑工地的内部场景，其中有一座正在施工的建筑结构。可以看到脚手架沿着建筑的外墙搭设，而建筑内部似乎也在进行施工。",
    "作业类型": "建筑施工",
    "目标物": [
        {
            "类型": "脚手架",
            "描述": "由竹竿或金属管搭建而成，用于支撑建筑工人进行高空作业的平台。",
            "置信度": 0.98
        },
        {
            "类型": "建筑外墙",
            "描述": "混凝土结构，表面有明显的施工痕迹和污渍。",
            "置信度": 0.97
        },
        {
            "类型": "建筑内部",
            "描述": "未完成的天花板和墙壁，可见钢筋和建筑材料。",
            "置信度": 0.96
        },
        {
            "类型": "照明设备",
            "描述": "一个明亮的灯光源，可能用于夜间工作或照亮工作区域。",
            "置信度": 0.95
        }
    ],
    "安全隐患": [
        {
            "描述": "部分脚手架看起来不稳定或有损坏，可能存在倒塌的风险。",
            "严重程度": "中"
        },
        {
            "描述": "工作区域没有明显的安全标志或警告标识，可能会误导工人。",
            "严重程度": "中"
        }
    ]
}

```

--- 图片: 高坠-20240731-13号线小南街站支架体系斜杆缺失.png ---
分析时间: 2024-10-23 15:08:13
分析结果: ```json

{
    "场景描述": "这是一个建筑工地的内部场景，有大量的脚手架和支撑结构。在左侧可以看到一个工人，他穿着反光背心，头戴黄色安全帽，似乎正在操作一些设备。在图片的中间部分，有一个大型的混凝土柱子，周围搭满了脚手架。整个场景显得有些昏暗，但可以看出工人们正在忙碌地工作。",
    "作业类型": "脚手架搭建作业",
    "目标物": [
        {
            "类型": "人",
            "描述": "穿着反光背心，头戴黄色安全帽的工人",
            "置信度": 0.98
        },
        {
            "类型": "建筑物",
            "描述": "混凝土柱子",
            "置信度": 0.97
        },
        {
            "类型": "脚手架",
            "描述": "金属管材搭建的脚手架系统",
            "置信度": 0.96
        }
    ],
    "安全隐患": [
        {
            "描述": "部分脚手架连接不牢固",
            "严重程度": "中"
        },
        {
            "描述": "工人未佩戴个人防护装备",
            "严重程度": "高"
        }
    ]
}

```

--- 图片: 高坠-20240729-B13号线小南街站侧墙施工中，工人高处作业未佩戴安全带.png ---
分析时间: 2024-10-23 15:09:04
分析结果: ```json

{
    "场景描述": "这是一个建筑工地的场景，具体为工人正在进行混凝土浇筑前的准备工作。可以看到多名工人站在一个深坑周围，他们穿着不同颜色的反光背心，其中一些人戴着黄色安全帽。坑内有一些钢筋笼和其他建筑材料。在图片的右侧，有一名身穿红色安全帽和带有“中国中铁三局”字样反光背心的安全员站着观察现场。",
    "作业类型": "混凝土浇筑前的准备工作",
    "目标物": [
        {
            "类型": "人员",
            "描述": "多名工人站在深坑周围，准备进行混凝土浇筑前的准备工作",
            "置信度": 0.98
        },
        {
            "类型": "设备",
            "描述": "钢筋笼、模板等建筑设备",
            "置信度": 0.97
        },
        {
            "类型": "建筑物",
            "描述": "未完成的高架桥墩或其他建筑物结构",
            "置信度": 0.96
        }
    ],
    "安全隐患": [
        {
            "描述": "部分工人没有佩戴安全帽",
            "严重程度": "中"
        },
        {
            "描述": "坑边无防护栏杆，存在坠落风险",
            "严重程度": "高"
        }
    ]
}

```

--- 图片: 高坠-20240704-高升桥站换乘通道高处作业人员无防护措施，临边防护未封闭.png ---
分析时间: 2024-11-12 17:21:46
分析结果: ```json

{
    "场景描述": "这是一个建筑工地的场景，具体为两名工人站在一个深坑旁边，他们穿着反光背心，戴着黄色头盔，其中一名工人还戴着红色手套，他们似乎在安装或检查一些钢筋结构。",
    "作业类型": "钢筋作业",
    "目标物": [
        {
            "类型": "工人",
            "描述": "两名工人站在深坑旁边进行钢筋作业",
            "置信度": 0.98
        },
        {
            "类型": "钢筋",
            "描述": "工人正在安装或检查一些钢筋结构",
            "置信度": 0.97
        },
        {
            "类型": "深坑",
            "描述": "工人站在一个深坑旁边",
            "置信度": 0.96
        },
        {
            "类型": "混凝土梁",
            "描述": "从上方伸下来的白色混凝土梁",
            "置信度": 0.95
        }
    ],
    "安全隐患": [
        {
            "描述": "工人没有佩戴安全带",
            "严重程度": "高"
        }
    ]
}

```

--- 图片: 微信图片_2024-11-12_173459_501.png ---
分析时间: 2024-11-12 17:35:33
分析结果: ```json

{
    "场景描述": "这是一个隧道入口处的建筑工地，有大型施工机械和临时搭建的结构。",
    "作业类型": "挖掘和土方工程",
    "目标物": [
        {
            "类型": "人员",
            "描述": "至少两名穿着反光背心的工作人员站在一台挖掘机旁边。",
            "置信度": 0.98
        },
        {
            "类型": "车辆",
            "描述": "一台橙色的挖掘机停在工地前方。",
            "置信度": 0.97
        },
        {
            "类型": "设备",
            "描述": "一些建筑用的钢架结构和其他工具。",
            "置信度": 0.96
        },
        {
            "类型": "建筑物",
            "描述": "隧道的入口处有一堵用砖头砌成的墙。",
            "置信度": 0.95
        }
    ],
    "安全隐患": [
        {
            "描述": "挖掘机的操作员没有佩戴安全帽。",
            "严重程度": "中"
        },
        {
            "描述": "工作区域周围没有明显的警示标志。",
            "严重程度": "中"
        }
    ]
}

```

--- 图片: 微信图片_2024-11-12_173459_501.png ---
分析时间: 2024-11-14 09:54:34
分析结果: ```json

{
    "场景描述": "这张图片展示了一个建筑工地的场景。可以看到一个挖掘机停在工地前方，旁边有一个穿着反光背心的工作人员。背景是一座土坡，上面覆盖着绿色的植被。工地上方有一些钢架结构，可能是为了遮挡阳光或是作为临时的遮雨棚。此外，还可以看到一些施工设备和材料散布在周围。",
    "作业类型": "根据图片内容，无法确定具体的作业类型，但考虑到有挖掘机的存在，可能涉及到土方开挖或其他类型的建筑工程。",
    "目标物": [
        {
            "类型": "人员",
            "描述": "穿着反光背心的工作人员",
            "置信度": 0.98
        },
        {
            "类型": "车辆",
            "描述": "橙色的挖掘机",
            "置信度": 0.97
        },
        {
            "类型": "设备",
            "描述": "钢架结构、施工设备、管道",
            "置信度": 0.96
        },
        {
            "类型": "建筑物",
            "描述": "土坡上的绿色植被、砖墙",
            "置信度": 0.95
        }
    ],
    "安全隐患": [
        {
            "描述": "挖掘机旁没有明显的操作标志或警示牌。",
            "严重程度": "中"
        },
        {
            "描述": "工作人员似乎没有佩戴安全帽。",
            "严重程度": "中"
        }
    ]
}

```

--- 图片: 8.jpg ---
分析时间: 2024-11-21 19:58:05
分析结果: ```json

{
    "场景描述": "这是一个建筑工地的场景。在图像的中心，有一台挖掘机停在一个大坑旁边，周围有一些工人正在进行土方开挖工作。工地上有明显的围栏，以确保安全。此外，还有一些绿色的遮盖网散布在现场。",
    "作业类型": "土方开挖作业",
    "目标物": [
        {
            "类型": "人员",
            "描述": "穿着橙色反光背心的工作人员",
            "置信度": 0.98
        },
        {
            "类型": "工程机械",
            "描述": "一台蓝绿色的大型挖掘机",
            "置信度": 0.97
        },
        {
            "类型": "临时设施",
            "描述": "一个蓝色的简易房",
            "置信度": 0.85
        },
        {
            "类型": "安全设施",
            "描述": "黄色的围栏和绿色的遮盖网",
            "置信度": 0.96
        }
    ],
    "安全隐患": [
        {
            "描述": "部分区域没有设置明显的安全警示标志",
            "严重程度": "中"
        },
        {
            "描述": "现场堆放的建筑材料未进行有效覆盖",
            "严重程度": "中"
        }
    ]
}

```

--- 图片: 8.jpg ---
分析时间: 2024-11-22 15:29:37
分析结果: ```json

{
    "场景描述": "这是一个建筑工地的场景。在图像的中心，有一台挖掘机停在一个大坑旁边，周围有工人正在进行一些工作。挖掘机的左侧有一个蓝色的告示牌，上面写着安全标语。此外，还有几名穿着反光背心的工人分散在现场，他们似乎正在进行地面上的工作。",
    "作业类型": "挖掘作业",
    "目标物": [
        {
            "类型": "人员",
            "描述": "多名穿着反光背心的工作人员",
            "置信度": 0.98
        },
        {
            "类型": "挖掘机",
            "描述": "一台蓝绿色的大型挖掘机",
            "置信度": 0.97
        },
        {
            "类型": "蓝色告示牌",
            "描述": "一个带有安全标语的蓝色告示牌",
            "置信度": 0.96
        },
        {
            "类型": "围栏",
            "描述": "黄色和黑色的围栏",
            "置信度": 0.95
        },
        {
            "类型": "大坑",
            "描述": "一个大型的土坑",
            "置信度": 0.95
        }
    ],
    "安全隐患": [
        {
            "描述": "部分工作人员未佩戴安全帽",
            "严重程度": "中"
        }
    ]
}

```

--- 图片: 4.jpg ---
分析时间: 2024-11-22 15:30:19
分析结果: ```json

{
    "场景描述": "这是一个建筑工地的场景，可以看到有挖掘机在工作，周围有一些施工设备和材料。",
    "作业类型": "挖掘作业",
    "目标物": [
        {
            "类型": "人员",
            "描述": "一个穿着黑色衣服的人",
            "置信度": 0.85
        },
        {
            "类型": "车辆",
            "描述": "一辆红色的卡车",
            "置信度": 0.9
        },
        {
            "类型": "设备",
            "描述": "一台黄色的挖掘机",
            "置信度": 0.75
        },
        {
            "类型": "建筑物",
            "描述": "一些现代化的商业建筑",
            "置信度": 0.6
        }
    ],
    "安全隐患": [
        {
            "描述": "电线杂乱无章，可能存在触电风险",
            "严重程度": "中"
        },
        {
            "描述": "工人没有佩戴安全帽，不符合安全规定",
            "严重程度": "高"
        }
    ]
}

```

--- 图片: 吊装-20240801-B高升桥站起重吊装作业未申请吊装令，吊装作业公示牌内容未更新，信号工未色标管理.png ---
分析时间: 2024-11-22 15:34:53
分析结果: ```json

{
    "场景描述": "一个建筑工地的场景，地面散落着碎石和一些小石头，左侧有一堵灰色的墙体，墙体下方插着一根蓝色的水管，右侧有一个深坑。",
    "作业类型": "挖掘作业",
    "目标物": [
        {
            "类型": "工人",
            "描述": "一个穿着红黑格子衬衫、蓝色裤子，戴着黄色安全帽和橙色反光背心的工人，双手背后目视前方。",
            "置信度": 0.98
        },
        {
            "类型": "水管",
            "描述": "一根插入灰色墙体的蓝色水管，用于输送水。",
            "置信度": 0.75
        },
        {
            "类型": "深坑",
            "描述": "位于图片右下角的一个深坑，里面有一些积水。",
            "置信度": 0.9
        },
        {
            "类型": "碎石",
            "描述": "散落在地面的白色、灰色和黑色的碎石。",
            "置信度": 0.9
        },
        {
            "类型": "墙体",
            "描述": "位于图片左上角的灰色墙体。",
            "置信度": 0.6
        }
    ],
    "安全隐患": [
        {
            "描述": "工人站在深坑附近，可能有坠落的风险。",
            "严重程度": "高"
        }
    ]
}

```

--- 图片: 吊装-20240806-红牌楼站汽车吊防倾覆支架数量不足.png ---
分析时间: 2024-11-22 15:35:36
分析结果: ```json

{
    "场景描述": "这是一个建筑工地的场景。可以看到有一台大型吊车停在工地中央，旁边有一个告示牌。周围有围栏，远处有建筑物。",
    "作业类型": "起重作业",
    "目标物": [
        {
            "类型": "人员",
            "描述": "穿着反光背心的工作人员",
            "置信度": 0.8
        },
        {
            "类型": "车辆",
            "描述": "一辆大型吊车",
            "置信度": 0.9
        },
        {
            "类型": "设备",
            "描述": "一台起重机",
            "置信度": 0.75
        },
        {
            "类型": "建筑物",
            "描述": "几栋居民楼",
            "置信度": 0.6
        },
        {
            "类型": "围栏",
            "描述": "白色和红色相间的围栏",
            "置信度": 0.9
        },
        {
            "类型": "告示牌",
            "描述": "工地信息告示牌",
            "置信度": 0.9
        }
    ],
    "安全隐患": [
        {
            "描述": "工作区域没有明显的警示标志",
            "严重程度": "中"
        }
    ]
}

```

--- 图片: 吊装-20240816-B武侯祠站 J 口汽车吊未见作业公示牌，未用护栏隔离，前支腿未支垫到位，跨路吊装未见监，护指挥人员.png ---
分析时间: 2024-11-22 15:36:24
分析结果: ```json

{
    "场景描述": "这张图片展示了一个城市街道的场景，具体来说是在一个居民区附近。可以看到两栋高层的居民楼，楼下有一些商铺。在图片的前景部分，有一个绿色的施工围挡，上面有白色的文字写着“轨道交通10号线三期工程”。围挡后面似乎有一些建筑工地的设施，但不是很清晰。街道上有一位骑自行车的人，穿着白色上衣，戴着帽子，背着一个包，骑着蓝色共享单车。还有一位穿着红色马甲的工作人员站在围挡旁边。此外，还可以看到一些路过的行人以及停放的汽车。",
    "作业类型": "施工建设作业",
    "目标物": [
        {
            "类型": "人员",
            "描述": "一位骑自行车的人，穿着白色上衣，戴着帽子，背着一个包，骑着蓝色共享单车。",
            "置信度": 0.98
        },
        {
            "类型": "工作人员",
            "描述": "一位穿着红色马甲的工作人员站在围挡旁边。",
            "置信度": 0.97
        },
        {
            "类型": "行人",
            "描述": "一些路过的行人以及停放的汽车。",
            "置信度": 0.96
        },
        {
            "类型": "车辆",
            "描述": "一辆停放的汽车",
            "置信度": 0.95
        },
        {
            "类型": "建筑物",
            "描述": "两栋高层的居民楼和一些商铺",
            "置信度": 0.99
        },
        {
            "类型": "施工设备",
            "描述": "不太清晰的建筑工地设施",
            "置信度": 0.85
        }
    ],
    "安全隐患": [
        {
            "描述": "施工区域与居民生活区域距离过近，可能存在安全风险。",
            "严重程度": "中"
        }
    ]
}

```

--- 图片: 临边防护-20240704-高升桥站换乘通道高处作业人员无防护措施，临边防护未封闭.png ---
分析时间: 2024-11-22 15:37:02
分析结果: ```json

{
    "场景描述": "这是一个建筑工地的场景，具体为两名工人站在一个深坑旁边，他们穿着工作服，戴着安全帽，其中一名工人还穿着反光背心，他们似乎正在进行一些与钢筋有关的工作。",
    "作业类型": "钢筋绑扎作业",
    "目标物": [
        {
            "类型": "工人",
            "描述": "两名工人站在深坑旁边进行钢筋绑扎作业",
            "置信度": 0.98
        },
        {
            "类型": "钢筋",
            "描述": "用于绑扎的钢筋",
            "置信度": 0.97
        },
        {
            "类型": "深坑",
            "描述": "工人站立的位置",
            "置信度": 0.96
        },
        {
            "类型": "安全帽",
            "描述": "工人佩戴的安全帽",
            "置信度": 0.95
        },
        {
            "类型": "反光背心",
            "描述": "其中一名工人穿着的反光背心",
            "置信度": 0.94
        }
    ],
    "安全隐患": [
        {
            "描述": "工人未佩戴手套，可能存在手部受伤的风险",
            "严重程度": "中"
        },
        {
            "描述": "深坑边缘无防护栏杆，工人跌落风险较高",
            "严重程度": "高"
        }
    ]
}

```

--- 图片: 临边防护-20240704-高升桥站换乘通道高处作业人员无防护措施，临边防护未封闭.png ---
分析时间: 2024-11-22 15:37:43
分析结果: ```json

{
    "场景描述": "这是一个建筑工地的场景，具体为两名工人站在一个深坑旁边，他们似乎正在进行一些与钢筋有关的作业。",
    "作业类型": "钢筋作业",
    "目标物": [
        {
            "类型": "人员",
            "描述": "两名工人，他们都戴着黄色的安全帽，穿着反光背心，其中一名工人还穿着红色的上衣。",
            "置信度": 0.98
        },
        {
            "类型": "车辆",
            "描述": "没有明显的车辆。",
            "置信度": 0.1
        },
        {
            "类型": "设备",
            "描述": "有大量的钢筋，还有用于固定的铁丝网。",
            "置信度": 0.97
        },
        {
            "类型": "建筑物",
            "描述": "背景中有正在建设中的建筑物，看起来像是混凝土结构。",
            "置信度": 0.6
        }
    ],
    "安全隐患": [
        {
            "描述": "工人没有佩戴手套，这可能会导致他们在处理尖锐的钢筋时受伤。",
            "严重程度": "中"
        },
        {
            "描述": "工作区域周围没有设置明显的警示标志，这可能会误导其他工人进入危险区域。",
            "严重程度": "中"
        }
    ]
}

```

